2020-12-27 16:12:640 INFO  BasePage :31 - Launching Chrome Browser
2020-12-27 16:12:174 INFO  BasePage :31 - Launching Chrome Browser
2020-12-27 16:12:451 INFO  BasePage :31 - Launching Chrome Browser
2020-12-27 16:12:601 INFO  HomePage :26 - This will mouse on buy sell link[[ChromeDriver: chrome on WINDOWS (40d94fc2c217b8d2d8adcf0579b6e536)] -> xpath: //a[contains(text(),'buy + sell')]]
2020-12-27 16:12:282 INFO  NewAndUsedCarSearchPage :39 - Clicking on any make field and select BMW[[ChromeDriver: chrome on WINDOWS (40d94fc2c217b8d2d8adcf0579b6e536)] -> xpath: //select[@id='makes']]
2020-12-27 16:12:600 INFO  NewAndUsedCarSearchPage :46 - Clicking on any model field and select series[[ChromeDriver: chrome on WINDOWS (40d94fc2c217b8d2d8adcf0579b6e536)] -> xpath: //select[@id='models']]
2020-12-27 16:12:988 INFO  BasePage :31 - Launching Chrome Browser
2020-12-27 16:12:536 INFO  HomePage :26 - This will mouse on buy sell link[[ChromeDriver: chrome on WINDOWS (5bf2e1bc750cd2ceceeee3fd5e306e77)] -> xpath: //a[contains(text(),'buy + sell')]]
2020-12-27 16:12:537 INFO  HomePage :33 - This will click on search cars link[[ChromeDriver: chrome on WINDOWS (5bf2e1bc750cd2ceceeee3fd5e306e77)] -> xpath: //a[contains(text(),'Search Cars')]]
2020-12-27 16:12:778 INFO  NewAndUsedCarSearchPage :39 - Clicking on any make field and select BMW[[ChromeDriver: chrome on WINDOWS (5bf2e1bc750cd2ceceeee3fd5e306e77)] -> xpath: //select[@id='makes']]
2020-12-27 16:12:788 INFO  BasePage :31 - Launching Chrome Browser
2020-12-27 16:12:104 INFO  HomePage :26 - This will mouse on buy sell link[[ChromeDriver: chrome on WINDOWS (00ed2bf2585509cefd60d7aedfb84c36)] -> xpath: //a[contains(text(),'buy + sell')]]
2020-12-27 16:12:197 INFO  BasePage :31 - Launching Chrome Browser
2020-12-27 16:12:562 INFO  HomePage :26 - This will mouse on buy sell link[[ChromeDriver: chrome on WINDOWS (cbfdf7f381b4db5c5bef0e66377aa677)] -> xpath: //a[contains(text(),'buy + sell')]]
2020-12-27 16:12:398 INFO  HomePage :33 - This will click on search cars link[[ChromeDriver: chrome on WINDOWS (cbfdf7f381b4db5c5bef0e66377aa677)] -> xpath: //a[contains(text(),'Search Cars')]]
2020-12-27 16:12:248 INFO  NewAndUsedCarSearchPage :39 - Clicking on any make field and select BMW[[ChromeDriver: chrome on WINDOWS (cbfdf7f381b4db5c5bef0e66377aa677)] -> xpath: //select[@id='makes']]
2020-12-27 16:12:861 INFO  NewAndUsedCarSearchPage :46 - Clicking on any model field and select series[[ChromeDriver: chrome on WINDOWS (cbfdf7f381b4db5c5bef0e66377aa677)] -> xpath: //select[@id='models']]
2020-12-27 16:12:135 INFO  NewAndUsedCarSearchPage :53 - Select any location field and select location[[ChromeDriver: chrome on WINDOWS (cbfdf7f381b4db5c5bef0e66377aa677)] -> xpath: //select[@id='locations']]
2020-12-27 16:12:409 INFO  NewAndUsedCarSearchPage :60 - Select price max field and select price[[ChromeDriver: chrome on WINDOWS (cbfdf7f381b4db5c5bef0e66377aa677)] -> xpath: //select[@id='priceTo']]
2020-12-27 16:12:584 INFO  NewAndUsedCarSearchPage :67 - clicking on find my next car button[[ChromeDriver: chrome on WINDOWS (cbfdf7f381b4db5c5bef0e66377aa677)] -> xpath: //input[@id='search-submit']]
2020-12-27 17:12:363 INFO  BasePage :31 - Launching Chrome Browser
2020-12-27 17:12:90 INFO  HomePage :26 - This will mouse on buy sell link[[ChromeDriver: chrome on WINDOWS (df79ce658c79b8951fe4d579ae0f7f4d)] -> xpath: //a[contains(text(),'buy + sell')]]
2020-12-27 17:12:568 INFO  BasePage :31 - Launching Chrome Browser
2020-12-27 17:12:179 INFO  HomePage :26 - This will mouse on buy sell link[[ChromeDriver: chrome on WINDOWS (16c2113416bd06e3f101c9ae0d69dc78)] -> xpath: //a[contains(text(),'buy + sell')]]
2020-12-27 17:12:764 INFO  HomePage :33 - This will click on search cars link[[ChromeDriver: chrome on WINDOWS (16c2113416bd06e3f101c9ae0d69dc78)] -> xpath: //a[contains(text(),'Search Cars')]]
2020-12-27 17:12:04 INFO  NewAndUsedCarSearchPage :39 - Clicking on any make field and select BMW[[ChromeDriver: chrome on WINDOWS (16c2113416bd06e3f101c9ae0d69dc78)] -> xpath: //select[@id='makes']]
2020-12-27 17:12:818 INFO  NewAndUsedCarSearchPage :46 - Clicking on any model field and select series[[ChromeDriver: chrome on WINDOWS (16c2113416bd06e3f101c9ae0d69dc78)] -> xpath: //select[@id='models']]
2020-12-27 17:12:02 INFO  NewAndUsedCarSearchPage :53 - Select any location field and select location[[ChromeDriver: chrome on WINDOWS (16c2113416bd06e3f101c9ae0d69dc78)] -> xpath: //select[@id='locations']]
2020-12-27 17:12:206 INFO  NewAndUsedCarSearchPage :60 - Select price max field and select price[[ChromeDriver: chrome on WINDOWS (16c2113416bd06e3f101c9ae0d69dc78)] -> xpath: //select[@id='priceTo']]
2020-12-27 17:12:400 INFO  NewAndUsedCarSearchPage :67 - clicking on find my next car button[[ChromeDriver: chrome on WINDOWS (16c2113416bd06e3f101c9ae0d69dc78)] -> xpath: //input[@id='search-submit']]
2020-12-27 17:12:741 INFO  BasePage :31 - Launching Chrome Browser
2020-12-27 17:12:600 INFO  HomePage :26 - This will mouse on buy sell link[[ChromeDriver: chrome on WINDOWS (6a337ff40d0c3695394fc53fb5ba0c90)] -> xpath: //a[contains(text(),'buy + sell')]]
2020-12-27 17:12:230 INFO  HomePage :33 - This will click on search cars link[[ChromeDriver: chrome on WINDOWS (6a337ff40d0c3695394fc53fb5ba0c90)] -> xpath: //a[contains(text(),'Search Cars')]]
2020-12-27 17:12:264 INFO  NewAndUsedCarSearchPage :39 - Clicking on any make field and select BMW[[ChromeDriver: chrome on WINDOWS (6a337ff40d0c3695394fc53fb5ba0c90)] -> xpath: //select[@id='makes']]
2020-12-27 17:12:585 INFO  NewAndUsedCarSearchPage :46 - Clicking on any model field and select series[[ChromeDriver: chrome on WINDOWS (6a337ff40d0c3695394fc53fb5ba0c90)] -> xpath: //select[@id='models']]
2020-12-27 17:12:894 INFO  NewAndUsedCarSearchPage :53 - Select any location field and select location[[ChromeDriver: chrome on WINDOWS (6a337ff40d0c3695394fc53fb5ba0c90)] -> xpath: //select[@id='locations']]
2020-12-27 17:12:552 INFO  NewAndUsedCarSearchPage :60 - Select price max field and select price[[ChromeDriver: chrome on WINDOWS (6a337ff40d0c3695394fc53fb5ba0c90)] -> xpath: //select[@id='priceTo']]
2020-12-27 17:12:791 INFO  NewAndUsedCarSearchPage :67 - clicking on find my next car button[[ChromeDriver: chrome on WINDOWS (6a337ff40d0c3695394fc53fb5ba0c90)] -> xpath: //input[@id='search-submit']]
2020-12-27 17:12:658 INFO  BasePage :31 - Launching Chrome Browser
2020-12-27 17:12:325 INFO  HomePage :26 - This will mouse on buy sell link[[ChromeDriver: chrome on WINDOWS (d384068b88fdbfbf908653aabd2b9933)] -> xpath: //a[contains(text(),'buy + sell')]]
2020-12-27 17:12:643 INFO  HomePage :33 - This will click on search cars link[[ChromeDriver: chrome on WINDOWS (d384068b88fdbfbf908653aabd2b9933)] -> xpath: //a[contains(text(),'Search Cars')]]
2020-12-27 17:12:967 INFO  NewAndUsedCarSearchPage :39 - Clicking on any make field and select BMW[[ChromeDriver: chrome on WINDOWS (d384068b88fdbfbf908653aabd2b9933)] -> xpath: //select[@id='makes']]
2020-12-27 17:12:365 INFO  NewAndUsedCarSearchPage :46 - Clicking on any model field and select series[[ChromeDriver: chrome on WINDOWS (d384068b88fdbfbf908653aabd2b9933)] -> xpath: //select[@id='models']]
2020-12-27 17:12:688 INFO  NewAndUsedCarSearchPage :53 - Select any location field and select location[[ChromeDriver: chrome on WINDOWS (d384068b88fdbfbf908653aabd2b9933)] -> xpath: //select[@id='locations']]
2020-12-27 17:12:912 INFO  NewAndUsedCarSearchPage :60 - Select price max field and select price[[ChromeDriver: chrome on WINDOWS (d384068b88fdbfbf908653aabd2b9933)] -> xpath: //select[@id='priceTo']]
2020-12-27 17:12:129 INFO  NewAndUsedCarSearchPage :67 - clicking on find my next car button[[ChromeDriver: chrome on WINDOWS (d384068b88fdbfbf908653aabd2b9933)] -> xpath: //input[@id='search-submit']]
2020-12-27 17:12:686 INFO  BasePage :31 - Launching Chrome Browser
2020-12-27 17:12:941 INFO  HomePage :26 - This will mouse on buy sell link[[ChromeDriver: chrome on WINDOWS (99497903e101861fab170ed686f8d953)] -> xpath: //a[contains(text(),'buy + sell')]]
2020-12-27 17:12:427 INFO  HomePage :33 - This will click on search cars link[[ChromeDriver: chrome on WINDOWS (99497903e101861fab170ed686f8d953)] -> xpath: //a[contains(text(),'Search Cars')]]
2020-12-27 17:12:609 INFO  NewAndUsedCarSearchPage :39 - Clicking on any make field and select BMW[[ChromeDriver: chrome on WINDOWS (99497903e101861fab170ed686f8d953)] -> xpath: //select[@id='makes']]
2020-12-27 17:12:16 INFO  NewAndUsedCarSearchPage :46 - Clicking on any model field and select series[[ChromeDriver: chrome on WINDOWS (99497903e101861fab170ed686f8d953)] -> xpath: //select[@id='models']]
2020-12-27 17:12:333 INFO  NewAndUsedCarSearchPage :53 - Select any location field and select location[[ChromeDriver: chrome on WINDOWS (99497903e101861fab170ed686f8d953)] -> xpath: //select[@id='locations']]
2020-12-27 17:12:797 INFO  NewAndUsedCarSearchPage :60 - Select price max field and select price[[ChromeDriver: chrome on WINDOWS (99497903e101861fab170ed686f8d953)] -> xpath: //select[@id='priceTo']]
2020-12-27 17:12:966 INFO  NewAndUsedCarSearchPage :67 - clicking on find my next car button[[ChromeDriver: chrome on WINDOWS (99497903e101861fab170ed686f8d953)] -> xpath: //input[@id='search-submit']]
2020-12-27 17:12:968 INFO  BasePage :31 - Launching Chrome Browser
2020-12-27 17:12:405 INFO  HomePage :26 - This will mouse on buy sell link[[ChromeDriver: chrome on WINDOWS (3976f99d6795c07cbf4199a902ac61ba)] -> xpath: //a[contains(text(),'buy + sell')]]
2020-12-27 17:12:834 INFO  HomePage :33 - This will click on search cars link[[ChromeDriver: chrome on WINDOWS (3976f99d6795c07cbf4199a902ac61ba)] -> xpath: //a[contains(text(),'Search Cars')]]
2020-12-27 17:12:902 INFO  NewAndUsedCarSearchPage :39 - Clicking on any make field and select BMW[[ChromeDriver: chrome on WINDOWS (3976f99d6795c07cbf4199a902ac61ba)] -> xpath: //select[@id='makes']]
2020-12-27 17:12:27 INFO  NewAndUsedCarSearchPage :46 - Clicking on any model field and select series[[ChromeDriver: chrome on WINDOWS (3976f99d6795c07cbf4199a902ac61ba)] -> xpath: //select[@id='models']]
2020-12-27 17:12:520 INFO  NewAndUsedCarSearchPage :53 - Select any location field and select location[[ChromeDriver: chrome on WINDOWS (3976f99d6795c07cbf4199a902ac61ba)] -> xpath: //select[@id='locations']]
2020-12-27 17:12:277 INFO  NewAndUsedCarSearchPage :60 - Select price max field and select price[[ChromeDriver: chrome on WINDOWS (3976f99d6795c07cbf4199a902ac61ba)] -> xpath: //select[@id='priceTo']]
2020-12-27 17:12:784 INFO  NewAndUsedCarSearchPage :67 - clicking on find my next car button[[ChromeDriver: chrome on WINDOWS (3976f99d6795c07cbf4199a902ac61ba)] -> xpath: //input[@id='search-submit']]
2020-12-27 17:12:335 INFO  BasePage :31 - Launching Chrome Browser
2020-12-27 17:12:809 INFO  HomePage :26 - This will mouse on buy sell link[[ChromeDriver: chrome on WINDOWS (d10942971deddf0b69501bc69a6acdaa)] -> xpath: //a[contains(text(),'buy + sell')]]
2020-12-27 17:12:479 INFO  HomePage :33 - This will click on search cars link[[ChromeDriver: chrome on WINDOWS (d10942971deddf0b69501bc69a6acdaa)] -> xpath: //a[contains(text(),'Search Cars')]]
2020-12-27 17:12:722 INFO  NewAndUsedCarSearchPage :39 - Clicking on any make field and select BMW[[ChromeDriver: chrome on WINDOWS (d10942971deddf0b69501bc69a6acdaa)] -> xpath: //select[@id='makes']]
2020-12-27 17:12:726 INFO  NewAndUsedCarSearchPage :46 - Clicking on any model field and select series[[ChromeDriver: chrome on WINDOWS (d10942971deddf0b69501bc69a6acdaa)] -> xpath: //select[@id='models']]
2020-12-27 17:12:929 INFO  NewAndUsedCarSearchPage :53 - Select any location field and select location[[ChromeDriver: chrome on WINDOWS (d10942971deddf0b69501bc69a6acdaa)] -> xpath: //select[@id='locations']]
2020-12-27 17:12:146 INFO  NewAndUsedCarSearchPage :60 - Select price max field and select price[[ChromeDriver: chrome on WINDOWS (d10942971deddf0b69501bc69a6acdaa)] -> xpath: //select[@id='priceTo']]
2020-12-27 17:12:388 INFO  NewAndUsedCarSearchPage :67 - clicking on find my next car button[[ChromeDriver: chrome on WINDOWS (d10942971deddf0b69501bc69a6acdaa)] -> xpath: //input[@id='search-submit']]
2020-12-27 17:12:540 INFO  BasePage :31 - Launching Chrome Browser
2020-12-27 17:12:333 INFO  HomePage :26 - This will mouse on buy sell link[[ChromeDriver: chrome on WINDOWS (56d94a933dffcb654e63259eba2686a5)] -> xpath: //a[contains(text(),'buy + sell')]]
2020-12-27 17:12:862 INFO  HomePage :33 - This will click on search cars link[[ChromeDriver: chrome on WINDOWS (56d94a933dffcb654e63259eba2686a5)] -> xpath: //a[contains(text(),'Search Cars')]]
2020-12-27 17:12:579 INFO  NewAndUsedCarSearchPage :39 - Clicking on any make field and select BMW[[ChromeDriver: chrome on WINDOWS (56d94a933dffcb654e63259eba2686a5)] -> xpath: //select[@id='makes']]
2020-12-27 17:12:308 INFO  NewAndUsedCarSearchPage :46 - Clicking on any model field and select series[[ChromeDriver: chrome on WINDOWS (56d94a933dffcb654e63259eba2686a5)] -> xpath: //select[@id='models']]
2020-12-27 17:12:635 INFO  NewAndUsedCarSearchPage :53 - Select any location field and select location[[ChromeDriver: chrome on WINDOWS (56d94a933dffcb654e63259eba2686a5)] -> xpath: //select[@id='locations']]
2020-12-27 17:12:900 INFO  NewAndUsedCarSearchPage :60 - Select price max field and select price[[ChromeDriver: chrome on WINDOWS (56d94a933dffcb654e63259eba2686a5)] -> xpath: //select[@id='priceTo']]
2020-12-27 17:12:121 INFO  NewAndUsedCarSearchPage :67 - clicking on find my next car button[[ChromeDriver: chrome on WINDOWS (56d94a933dffcb654e63259eba2686a5)] -> xpath: //input[@id='search-submit']]
2020-12-27 17:12:423 INFO  BasePage :31 - Launching Chrome Browser
2020-12-27 17:12:571 INFO  HomePage :26 - This will mouse on buy sell link[[ChromeDriver: chrome on WINDOWS (faafc2ccc53b7d63612b0b79302c0dc7)] -> xpath: //a[contains(text(),'buy + sell')]]
2020-12-27 17:12:386 INFO  HomePage :33 - This will click on search cars link[[ChromeDriver: chrome on WINDOWS (faafc2ccc53b7d63612b0b79302c0dc7)] -> xpath: //a[contains(text(),'Search Cars')]]
2020-12-27 17:12:903 INFO  NewAndUsedCarSearchPage :39 - Clicking on any make field and select BMW[[ChromeDriver: chrome on WINDOWS (faafc2ccc53b7d63612b0b79302c0dc7)] -> xpath: //select[@id='makes']]
2020-12-27 17:12:570 INFO  NewAndUsedCarSearchPage :46 - Clicking on any model field and select series[[ChromeDriver: chrome on WINDOWS (faafc2ccc53b7d63612b0b79302c0dc7)] -> xpath: //select[@id='models']]
2020-12-27 17:12:792 INFO  NewAndUsedCarSearchPage :53 - Select any location field and select location[[ChromeDriver: chrome on WINDOWS (faafc2ccc53b7d63612b0b79302c0dc7)] -> xpath: //select[@id='locations']]
2020-12-27 17:12:49 INFO  NewAndUsedCarSearchPage :60 - Select price max field and select price[[ChromeDriver: chrome on WINDOWS (faafc2ccc53b7d63612b0b79302c0dc7)] -> xpath: //select[@id='priceTo']]
2020-12-27 17:12:271 INFO  NewAndUsedCarSearchPage :67 - clicking on find my next car button[[ChromeDriver: chrome on WINDOWS (faafc2ccc53b7d63612b0b79302c0dc7)] -> xpath: //input[@id='search-submit']]
2020-12-27 17:12:552 INFO  BasePage :31 - Launching Chrome Browser
2020-12-27 17:12:111 INFO  HomePage :26 - This will mouse on buy sell link[[ChromeDriver: chrome on WINDOWS (49b63b3e84ce24c56adfd3241544e348)] -> xpath: //a[contains(text(),'buy + sell')]]
2020-12-27 17:12:943 INFO  HomePage :33 - This will click on search cars link[[ChromeDriver: chrome on WINDOWS (49b63b3e84ce24c56adfd3241544e348)] -> xpath: //a[contains(text(),'Search Cars')]]
2020-12-27 17:12:819 INFO  NewAndUsedCarSearchPage :39 - Clicking on any make field and select BMW[[ChromeDriver: chrome on WINDOWS (49b63b3e84ce24c56adfd3241544e348)] -> xpath: //select[@id='makes']]
2020-12-27 17:12:677 INFO  NewAndUsedCarSearchPage :46 - Clicking on any model field and select series[[ChromeDriver: chrome on WINDOWS (49b63b3e84ce24c56adfd3241544e348)] -> xpath: //select[@id='models']]
2020-12-27 17:12:928 INFO  NewAndUsedCarSearchPage :53 - Select any location field and select location[[ChromeDriver: chrome on WINDOWS (49b63b3e84ce24c56adfd3241544e348)] -> xpath: //select[@id='locations']]
2020-12-27 17:12:151 INFO  NewAndUsedCarSearchPage :60 - Select price max field and select price[[ChromeDriver: chrome on WINDOWS (49b63b3e84ce24c56adfd3241544e348)] -> xpath: //select[@id='priceTo']]
2020-12-27 17:12:380 INFO  NewAndUsedCarSearchPage :67 - clicking on find my next car button[[ChromeDriver: chrome on WINDOWS (49b63b3e84ce24c56adfd3241544e348)] -> xpath: //input[@id='search-submit']]
2020-12-27 17:12:61 INFO  BMW1SeriesPage :21 - verify that user is on BMW 1 series page[[ChromeDriver: chrome on WINDOWS (49b63b3e84ce24c56adfd3241544e348)] -> xpath: //h1[contains(text(),'21 BMW 1 Series for Sale under $30,000 in Sydney, ')]]
2020-12-27 17:12:685 INFO  BasePage :31 - Launching Chrome Browser
2020-12-27 17:12:816 INFO  HomePage :26 - This will mouse on buy sell link[[ChromeDriver: chrome on WINDOWS (1bbee77434428255b5c0adcbca690e1d)] -> xpath: //a[contains(text(),'buy + sell')]]
2020-12-27 17:12:490 INFO  HomePage :33 - This will click on search cars link[[ChromeDriver: chrome on WINDOWS (1bbee77434428255b5c0adcbca690e1d)] -> xpath: //a[contains(text(),'Search Cars')]]
2020-12-27 17:12:436 INFO  NewAndUsedCarSearchPage :39 - Clicking on any make field and select BMW[[ChromeDriver: chrome on WINDOWS (1bbee77434428255b5c0adcbca690e1d)] -> xpath: //select[@id='makes']]
2020-12-27 17:12:992 INFO  NewAndUsedCarSearchPage :46 - Clicking on any model field and select series[[ChromeDriver: chrome on WINDOWS (1bbee77434428255b5c0adcbca690e1d)] -> xpath: //select[@id='models']]
2020-12-27 17:12:255 INFO  NewAndUsedCarSearchPage :53 - Select any location field and select location[[ChromeDriver: chrome on WINDOWS (1bbee77434428255b5c0adcbca690e1d)] -> xpath: //select[@id='locations']]
2020-12-27 17:12:505 INFO  NewAndUsedCarSearchPage :60 - Select price max field and select price[[ChromeDriver: chrome on WINDOWS (1bbee77434428255b5c0adcbca690e1d)] -> xpath: //select[@id='priceTo']]
2020-12-27 17:12:710 INFO  NewAndUsedCarSearchPage :67 - clicking on find my next car button[[ChromeDriver: chrome on WINDOWS (1bbee77434428255b5c0adcbca690e1d)] -> xpath: //input[@id='search-submit']]
2020-12-27 17:12:901 INFO  BMW1SeriesPage :21 - verify that user is on BMW 1 series page[[ChromeDriver: chrome on WINDOWS (1bbee77434428255b5c0adcbca690e1d)] -> xpath: //h1[contains(text(),'21 BMW 1 Series for Sale under $30,000 in Sydney, ')]]
2020-12-27 17:12:96 INFO  BasePage :31 - Launching Chrome Browser
2020-12-27 17:12:632 INFO  HomePage :26 - This will mouse on buy sell link[[ChromeDriver: chrome on WINDOWS (7bd3d7f02968fd0a0a7540acc3e02cd8)] -> xpath: //a[contains(text(),'buy + sell')]]
2020-12-27 17:12:597 INFO  HomePage :33 - This will click on search cars link[[ChromeDriver: chrome on WINDOWS (7bd3d7f02968fd0a0a7540acc3e02cd8)] -> xpath: //a[contains(text(),'Search Cars')]]
2020-12-27 17:12:396 INFO  NewAndUsedCarSearchPage :39 - Clicking on any make field and select BMW[[ChromeDriver: chrome on WINDOWS (7bd3d7f02968fd0a0a7540acc3e02cd8)] -> xpath: //select[@id='makes']]
2020-12-27 17:12:909 INFO  BasePage :31 - Launching Chrome Browser
2020-12-27 17:12:778 INFO  HomePage :26 - This will mouse on buy sell link[[ChromeDriver: chrome on WINDOWS (c6facba379c8123da14554cf378bb7d1)] -> xpath: //a[contains(text(),'buy + sell')]]
2020-12-27 17:12:440 INFO  HomePage :33 - This will click on search cars link[[ChromeDriver: chrome on WINDOWS (c6facba379c8123da14554cf378bb7d1)] -> xpath: //a[contains(text(),'Search Cars')]]
2020-12-27 17:12:723 INFO  BasePage :31 - Launching Chrome Browser
2020-12-27 17:12:753 INFO  HomePage :26 - This will mouse on buy sell link[[ChromeDriver: chrome on WINDOWS (35df88fa1e9f2b5bca2fe0b8834910b0)] -> xpath: //a[contains(text(),'buy + sell')]]
2020-12-27 17:12:534 INFO  HomePage :33 - This will click on search cars link[[ChromeDriver: chrome on WINDOWS (35df88fa1e9f2b5bca2fe0b8834910b0)] -> xpath: //a[contains(text(),'Search Cars')]]
2020-12-27 17:12:231 INFO  NewAndUsedCarSearchPage :39 - Clicking on any make field and select BMW[[ChromeDriver: chrome on WINDOWS (35df88fa1e9f2b5bca2fe0b8834910b0)] -> xpath: //select[@id='makes']]
2020-12-27 17:12:659 INFO  NewAndUsedCarSearchPage :46 - Clicking on any model field and select series[[ChromeDriver: chrome on WINDOWS (35df88fa1e9f2b5bca2fe0b8834910b0)] -> xpath: //select[@id='models']]
2020-12-27 17:12:847 INFO  NewAndUsedCarSearchPage :53 - Select any location field and select location[[ChromeDriver: chrome on WINDOWS (35df88fa1e9f2b5bca2fe0b8834910b0)] -> xpath: //select[@id='locations']]
2020-12-27 17:12:39 INFO  NewAndUsedCarSearchPage :60 - Select price max field and select price[[ChromeDriver: chrome on WINDOWS (35df88fa1e9f2b5bca2fe0b8834910b0)] -> xpath: //select[@id='priceTo']]
2020-12-27 17:12:234 INFO  NewAndUsedCarSearchPage :67 - clicking on find my next car button[[ChromeDriver: chrome on WINDOWS (35df88fa1e9f2b5bca2fe0b8834910b0)] -> xpath: //input[@id='search-submit']]
2020-12-27 17:12:33 INFO  BMW1SeriesPage :21 - verify that user is on BMW 1 series page[[ChromeDriver: chrome on WINDOWS (35df88fa1e9f2b5bca2fe0b8834910b0)] -> xpath: //h1[contains(text(),'21 BMW 1 Series for Sale under $30,000 in Sydney, ')]]
2020-12-27 18:12:109 INFO  BasePage :31 - Launching Chrome Browser
2020-12-27 18:12:269 INFO  HomePage :26 - This will mouse on buy sell link[[ChromeDriver: chrome on WINDOWS (94e2e750a836d678632e889b1ff8fbb9)] -> xpath: //a[contains(text(),'buy + sell')]]
2020-12-27 18:12:898 INFO  HomePage :33 - This will click on search cars link[[ChromeDriver: chrome on WINDOWS (94e2e750a836d678632e889b1ff8fbb9)] -> xpath: //a[contains(text(),'Search Cars')]]
2020-12-27 18:12:550 INFO  NewAndUsedCarSearchPage :39 - Clicking on any make field and select BMW[[ChromeDriver: chrome on WINDOWS (94e2e750a836d678632e889b1ff8fbb9)] -> xpath: //select[@id='makes']]
2020-12-27 18:12:38 INFO  NewAndUsedCarSearchPage :46 - Clicking on any model field and select series[[ChromeDriver: chrome on WINDOWS (94e2e750a836d678632e889b1ff8fbb9)] -> xpath: //select[@id='models']]
2020-12-27 18:12:272 INFO  NewAndUsedCarSearchPage :53 - Select any location field and select location[[ChromeDriver: chrome on WINDOWS (94e2e750a836d678632e889b1ff8fbb9)] -> xpath: //select[@id='locations']]
2020-12-27 18:12:459 INFO  NewAndUsedCarSearchPage :60 - Select price max field and select price[[ChromeDriver: chrome on WINDOWS (94e2e750a836d678632e889b1ff8fbb9)] -> xpath: //select[@id='priceTo']]
2020-12-27 18:12:634 INFO  NewAndUsedCarSearchPage :67 - clicking on find my next car button[[ChromeDriver: chrome on WINDOWS (94e2e750a836d678632e889b1ff8fbb9)] -> xpath: //input[@id='search-submit']]
2020-12-27 18:12:672 INFO  BMW1SeriesPage :21 - verify that user is on BMW 1 series page[[ChromeDriver: chrome on WINDOWS (94e2e750a836d678632e889b1ff8fbb9)] -> xpath: //h1[contains(text(),'21 BMW 1 Series for Sale under $30,000 in Sydney, ')]]
2020-12-28 23:12:666 INFO  BasePage :31 - Launching Chrome Browser
2020-12-28 23:12:938 INFO  BasePage :31 - Launching Chrome Browser
2020-12-28 23:12:853 INFO  HomePage :26 - This will mouse on buy sell link[[ChromeDriver: chrome on WINDOWS (4aa702b5f105e3e63a0b3630356a9c7b)] -> xpath: //a[contains(text(),'buy + sell')]]
2020-12-28 23:12:280 INFO  HomePage :33 - This will click on search cars link[[ChromeDriver: chrome on WINDOWS (4aa702b5f105e3e63a0b3630356a9c7b)] -> xpath: //a[contains(text(),'Search Cars')]]
2020-12-28 23:12:987 INFO  NewAndUsedCarSearchPage :39 - Clicking on any make field and select BMW[[ChromeDriver: chrome on WINDOWS (4aa702b5f105e3e63a0b3630356a9c7b)] -> xpath: //select[@id='makes']]
2020-12-28 23:12:315 INFO  NewAndUsedCarSearchPage :46 - Clicking on any model field and select series[[ChromeDriver: chrome on WINDOWS (4aa702b5f105e3e63a0b3630356a9c7b)] -> xpath: //select[@id='models']]
2020-12-28 23:12:473 INFO  NewAndUsedCarSearchPage :53 - Select any location field and select location[[ChromeDriver: chrome on WINDOWS (4aa702b5f105e3e63a0b3630356a9c7b)] -> xpath: //select[@id='locations']]
2020-12-28 23:12:592 INFO  NewAndUsedCarSearchPage :60 - Select price max field and select price[[ChromeDriver: chrome on WINDOWS (4aa702b5f105e3e63a0b3630356a9c7b)] -> xpath: //select[@id='priceTo']]
2020-12-28 23:12:713 INFO  NewAndUsedCarSearchPage :67 - clicking on find my next car button[[ChromeDriver: chrome on WINDOWS (4aa702b5f105e3e63a0b3630356a9c7b)] -> xpath: //input[@id='search-submit']]
2020-12-28 23:12:841 INFO  BMW1SeriesPage :21 - verify that user is on BMW 1 series page[[ChromeDriver: chrome on WINDOWS (4aa702b5f105e3e63a0b3630356a9c7b)] -> xpath: //h1[contains(text(),'21 BMW 1 Series for Sale under $30,000 in Sydney, ')]]
2020-12-28 23:12:77 INFO  BasePage :31 - Launching Chrome Browser
2020-12-28 23:12:922 INFO  HomePage :26 - This will mouse on buy sell link[[ChromeDriver: chrome on WINDOWS (e104556690cd614bdb37d9996e667d0d)] -> xpath: //a[contains(text(),'buy + sell')]]
2020-12-28 23:12:488 INFO  HomePage :39 - This will click on used search cars link[[ChromeDriver: chrome on WINDOWS (e104556690cd614bdb37d9996e667d0d)] -> xpath: //*[@id="u_H"]/div/div[1]/ul/li[1]//div[1]/ul/li[2]/a]
2020-12-28 23:12:489 INFO  NewAndUsedCarSearchPage :39 - Clicking on any make field and select BMW[[ChromeDriver: chrome on WINDOWS (e104556690cd614bdb37d9996e667d0d)] -> xpath: //select[@id='makes']]
2020-12-28 23:12:779 INFO  BasePage :31 - Launching Chrome Browser
2020-12-28 23:12:926 INFO  HomePage :26 - This will mouse on buy sell link[[ChromeDriver: chrome on WINDOWS (4b1e4ba247b6a04685c3449a3149892d)] -> xpath: //a[contains(text(),'buy + sell')]]
2020-12-28 23:12:107 INFO  HomePage :33 - This will click on search cars link[[ChromeDriver: chrome on WINDOWS (4b1e4ba247b6a04685c3449a3149892d)] -> xpath: //a[contains(text(),'Search Cars')]]
2020-12-28 23:12:94 INFO  NewAndUsedCarSearchPage :39 - Clicking on any make field and select BMW[[ChromeDriver: chrome on WINDOWS (4b1e4ba247b6a04685c3449a3149892d)] -> xpath: //select[@id='makes']]
2020-12-28 23:12:608 INFO  NewAndUsedCarSearchPage :46 - Clicking on any model field and select series[[ChromeDriver: chrome on WINDOWS (4b1e4ba247b6a04685c3449a3149892d)] -> xpath: //select[@id='models']]
2020-12-28 23:12:932 INFO  NewAndUsedCarSearchPage :53 - Select any location field and select location[[ChromeDriver: chrome on WINDOWS (4b1e4ba247b6a04685c3449a3149892d)] -> xpath: //select[@id='locations']]
2020-12-28 23:12:129 INFO  NewAndUsedCarSearchPage :60 - Select price max field and select price[[ChromeDriver: chrome on WINDOWS (4b1e4ba247b6a04685c3449a3149892d)] -> xpath: //select[@id='priceTo']]
2020-12-28 23:12:258 INFO  NewAndUsedCarSearchPage :67 - clicking on find my next car button[[ChromeDriver: chrome on WINDOWS (4b1e4ba247b6a04685c3449a3149892d)] -> xpath: //input[@id='search-submit']]
2020-12-28 23:12:367 INFO  BMW1SeriesPage :21 - verify that user is on BMW 1 series page[[ChromeDriver: chrome on WINDOWS (4b1e4ba247b6a04685c3449a3149892d)] -> xpath: //h1[contains(text(),'21 BMW 1 Series for Sale under $30,000 in Sydney, ')]]
2020-12-28 23:12:166 INFO  BasePage :31 - Launching Chrome Browser
2020-12-28 23:12:05 INFO  HomePage :26 - This will mouse on buy sell link[[ChromeDriver: chrome on WINDOWS (cd807b8cca58241178518b781b37b5f7)] -> xpath: //a[contains(text(),'buy + sell')]]
2020-12-28 23:12:493 INFO  HomePage :39 - This will click on used search cars link[[ChromeDriver: chrome on WINDOWS (cd807b8cca58241178518b781b37b5f7)] -> xpath: //*[@id="u_H"]/div/div[1]/ul/li[1]//div[1]/ul/li[2]/a]
2020-12-28 23:12:146 INFO  NewAndUsedCarSearchPage :39 - Clicking on any make field and select BMW[[ChromeDriver: chrome on WINDOWS (cd807b8cca58241178518b781b37b5f7)] -> xpath: //select[@id='makes']]
2020-12-28 23:12:635 INFO  NewAndUsedCarSearchPage :46 - Clicking on any model field and select series[[ChromeDriver: chrome on WINDOWS (cd807b8cca58241178518b781b37b5f7)] -> xpath: //select[@id='models']]
2020-12-28 23:12:824 INFO  NewAndUsedCarSearchPage :53 - Select any location field and select location[[ChromeDriver: chrome on WINDOWS (cd807b8cca58241178518b781b37b5f7)] -> xpath: //select[@id='locations']]
2020-12-28 23:12:986 INFO  NewAndUsedCarSearchPage :60 - Select price max field and select price[[ChromeDriver: chrome on WINDOWS (cd807b8cca58241178518b781b37b5f7)] -> xpath: //select[@id='priceTo']]
2020-12-28 23:12:96 INFO  NewAndUsedCarSearchPage :67 - clicking on find my next car button[[ChromeDriver: chrome on WINDOWS (cd807b8cca58241178518b781b37b5f7)] -> xpath: //input[@id='search-submit']]
2020-12-28 23:12:156 INFO  AudiA4Page :23 - Verify user navigate to Audi A4 page[[ChromeDriver: chrome on WINDOWS (cd807b8cca58241178518b781b37b5f7)] -> xpath: //*[@id="all-tab-content"]/div/div[3]/h1]
2020-12-28 23:12:458 INFO  BasePage :31 - Launching Chrome Browser
2020-12-28 23:12:825 INFO  HomePage :26 - This will mouse on buy sell link[[ChromeDriver: chrome on WINDOWS (276409fcd1293656ebf6709bb2ab3a6d)] -> xpath: //a[contains(text(),'buy + sell')]]
2020-12-28 23:12:06 INFO  HomePage :33 - This will click on search cars link[[ChromeDriver: chrome on WINDOWS (276409fcd1293656ebf6709bb2ab3a6d)] -> xpath: //a[contains(text(),'Search Cars')]]
2020-12-28 23:12:20 INFO  NewAndUsedCarSearchPage :39 - Clicking on any make field and select BMW[[ChromeDriver: chrome on WINDOWS (276409fcd1293656ebf6709bb2ab3a6d)] -> xpath: //select[@id='makes']]
2020-12-28 23:12:412 INFO  NewAndUsedCarSearchPage :46 - Clicking on any model field and select series[[ChromeDriver: chrome on WINDOWS (276409fcd1293656ebf6709bb2ab3a6d)] -> xpath: //select[@id='models']]
2020-12-28 23:12:652 INFO  NewAndUsedCarSearchPage :53 - Select any location field and select location[[ChromeDriver: chrome on WINDOWS (276409fcd1293656ebf6709bb2ab3a6d)] -> xpath: //select[@id='locations']]
2020-12-28 23:12:770 INFO  NewAndUsedCarSearchPage :60 - Select price max field and select price[[ChromeDriver: chrome on WINDOWS (276409fcd1293656ebf6709bb2ab3a6d)] -> xpath: //select[@id='priceTo']]
2020-12-28 23:12:880 INFO  NewAndUsedCarSearchPage :67 - clicking on find my next car button[[ChromeDriver: chrome on WINDOWS (276409fcd1293656ebf6709bb2ab3a6d)] -> xpath: //input[@id='search-submit']]
2020-12-28 23:12:799 INFO  BMW1SeriesPage :21 - verify that user is on BMW 1 series page[[ChromeDriver: chrome on WINDOWS (276409fcd1293656ebf6709bb2ab3a6d)] -> xpath: //h1[contains(text(),'21 BMW 1 Series for Sale under $30,000 in Sydney, ')]]
2020-12-28 23:12:538 INFO  BasePage :31 - Launching Chrome Browser
2020-12-28 23:12:233 INFO  HomePage :26 - This will mouse on buy sell link[[ChromeDriver: chrome on WINDOWS (34c54291aea0fbae5170c68a0a2729f8)] -> xpath: //a[contains(text(),'buy + sell')]]
2020-12-28 23:12:795 INFO  HomePage :39 - This will click on used search cars link[[ChromeDriver: chrome on WINDOWS (34c54291aea0fbae5170c68a0a2729f8)] -> xpath: //*[@id="u_H"]/div/div[1]/ul/li[1]//div[1]/ul/li[2]/a]
2020-12-28 23:12:776 INFO  NewAndUsedCarSearchPage :39 - Clicking on any make field and select BMW[[ChromeDriver: chrome on WINDOWS (34c54291aea0fbae5170c68a0a2729f8)] -> xpath: //select[@id='makes']]
2020-12-28 23:12:319 INFO  NewAndUsedCarSearchPage :46 - Clicking on any model field and select series[[ChromeDriver: chrome on WINDOWS (34c54291aea0fbae5170c68a0a2729f8)] -> xpath: //select[@id='models']]
2020-12-28 23:12:505 INFO  NewAndUsedCarSearchPage :53 - Select any location field and select location[[ChromeDriver: chrome on WINDOWS (34c54291aea0fbae5170c68a0a2729f8)] -> xpath: //select[@id='locations']]
2020-12-28 23:12:633 INFO  NewAndUsedCarSearchPage :60 - Select price max field and select price[[ChromeDriver: chrome on WINDOWS (34c54291aea0fbae5170c68a0a2729f8)] -> xpath: //select[@id='priceTo']]
2020-12-28 23:12:755 INFO  NewAndUsedCarSearchPage :67 - clicking on find my next car button[[ChromeDriver: chrome on WINDOWS (34c54291aea0fbae5170c68a0a2729f8)] -> xpath: //input[@id='search-submit']]
2020-12-28 23:12:411 INFO  AudiA4Page :23 - Verify user navigate to Audi A4 page[[ChromeDriver: chrome on WINDOWS (34c54291aea0fbae5170c68a0a2729f8)] -> xpath: //*[@id="all-tab-content"]/div/div[3]/h1]
2020-12-28 23:12:737 INFO  BasePage :31 - Launching Chrome Browser
2020-12-28 23:12:17 INFO  HomePage :26 - This will mouse on buy sell link[[ChromeDriver: chrome on WINDOWS (27139cacb4bc0ef1160a9870e553aaf2)] -> xpath: //a[contains(text(),'buy + sell')]]
2020-12-28 23:12:469 INFO  HomePage :33 - This will click on search cars link[[ChromeDriver: chrome on WINDOWS (27139cacb4bc0ef1160a9870e553aaf2)] -> xpath: //a[contains(text(),'Search Cars')]]
2020-12-28 23:12:874 INFO  NewAndUsedCarSearchPage :39 - Clicking on any make field and select BMW[[ChromeDriver: chrome on WINDOWS (27139cacb4bc0ef1160a9870e553aaf2)] -> xpath: //select[@id='makes']]
2020-12-28 23:12:51 INFO  NewAndUsedCarSearchPage :46 - Clicking on any model field and select series[[ChromeDriver: chrome on WINDOWS (27139cacb4bc0ef1160a9870e553aaf2)] -> xpath: //select[@id='models']]
2020-12-28 23:12:192 INFO  NewAndUsedCarSearchPage :53 - Select any location field and select location[[ChromeDriver: chrome on WINDOWS (27139cacb4bc0ef1160a9870e553aaf2)] -> xpath: //select[@id='locations']]
2020-12-28 23:12:314 INFO  NewAndUsedCarSearchPage :60 - Select price max field and select price[[ChromeDriver: chrome on WINDOWS (27139cacb4bc0ef1160a9870e553aaf2)] -> xpath: //select[@id='priceTo']]
2020-12-28 23:12:427 INFO  NewAndUsedCarSearchPage :67 - clicking on find my next car button[[ChromeDriver: chrome on WINDOWS (27139cacb4bc0ef1160a9870e553aaf2)] -> xpath: //input[@id='search-submit']]
2020-12-28 23:12:144 INFO  BMW1SeriesPage :21 - verify that user is on BMW 1 series page[[ChromeDriver: chrome on WINDOWS (27139cacb4bc0ef1160a9870e553aaf2)] -> xpath: //h1[contains(text(),'21 BMW 1 Series for Sale under $30,000 in Sydney, ')]]
2020-12-28 23:12:295 INFO  BasePage :31 - Launching Chrome Browser
2020-12-28 23:12:240 INFO  HomePage :26 - This will mouse on buy sell link[[ChromeDriver: chrome on WINDOWS (e003e2ed056dd12afb526fc0d82084ca)] -> xpath: //a[contains(text(),'buy + sell')]]
2020-12-28 23:12:927 INFO  HomePage :39 - This will click on used search cars link[[ChromeDriver: chrome on WINDOWS (e003e2ed056dd12afb526fc0d82084ca)] -> xpath: //*[@id="u_H"]/div/div[1]/ul/li[1]//div[1]/ul/li[2]/a]
2020-12-28 23:12:671 INFO  NewAndUsedCarSearchPage :39 - Clicking on any make field and select BMW[[ChromeDriver: chrome on WINDOWS (e003e2ed056dd12afb526fc0d82084ca)] -> xpath: //select[@id='makes']]
2020-12-28 23:12:130 INFO  NewAndUsedCarSearchPage :46 - Clicking on any model field and select series[[ChromeDriver: chrome on WINDOWS (e003e2ed056dd12afb526fc0d82084ca)] -> xpath: //select[@id='models']]
2020-12-28 23:12:273 INFO  NewAndUsedCarSearchPage :53 - Select any location field and select location[[ChromeDriver: chrome on WINDOWS (e003e2ed056dd12afb526fc0d82084ca)] -> xpath: //select[@id='locations']]
2020-12-28 23:12:396 INFO  NewAndUsedCarSearchPage :60 - Select price max field and select price[[ChromeDriver: chrome on WINDOWS (e003e2ed056dd12afb526fc0d82084ca)] -> xpath: //select[@id='priceTo']]
2020-12-28 23:12:513 INFO  NewAndUsedCarSearchPage :67 - clicking on find my next car button[[ChromeDriver: chrome on WINDOWS (e003e2ed056dd12afb526fc0d82084ca)] -> xpath: //input[@id='search-submit']]
2020-12-28 23:12:546 INFO  AudiA4Page :23 - Verify user navigate to Audi A4 page[[ChromeDriver: chrome on WINDOWS (e003e2ed056dd12afb526fc0d82084ca)] -> xpath: //*[@id="all-tab-content"]/div/div[3]/h1]
2020-12-28 23:12:973 INFO  BasePage :31 - Launching Chrome Browser
2020-12-28 23:12:249 INFO  HomePage :26 - This will mouse on buy sell link[[ChromeDriver: chrome on WINDOWS (6a29c4606455fa6f8be7437a12435d7c)] -> xpath: //a[contains(text(),'buy + sell')]]
2020-12-28 23:12:782 INFO  HomePage :33 - This will click on search cars link[[ChromeDriver: chrome on WINDOWS (6a29c4606455fa6f8be7437a12435d7c)] -> xpath: //a[contains(text(),'Search Cars')]]
2020-12-28 23:12:780 INFO  NewAndUsedCarSearchPage :39 - Clicking on any make field and select BMW[[ChromeDriver: chrome on WINDOWS (6a29c4606455fa6f8be7437a12435d7c)] -> xpath: //select[@id='makes']]
2020-12-28 23:12:140 INFO  NewAndUsedCarSearchPage :46 - Clicking on any model field and select series[[ChromeDriver: chrome on WINDOWS (6a29c4606455fa6f8be7437a12435d7c)] -> xpath: //select[@id='models']]
2020-12-28 23:12:423 INFO  NewAndUsedCarSearchPage :53 - Select any location field and select location[[ChromeDriver: chrome on WINDOWS (6a29c4606455fa6f8be7437a12435d7c)] -> xpath: //select[@id='locations']]
2020-12-28 23:12:869 INFO  NewAndUsedCarSearchPage :60 - Select price max field and select price[[ChromeDriver: chrome on WINDOWS (6a29c4606455fa6f8be7437a12435d7c)] -> xpath: //select[@id='priceTo']]
2020-12-28 23:12:100 INFO  NewAndUsedCarSearchPage :67 - clicking on find my next car button[[ChromeDriver: chrome on WINDOWS (6a29c4606455fa6f8be7437a12435d7c)] -> xpath: //input[@id='search-submit']]
2020-12-28 23:12:335 INFO  BMW1SeriesPage :21 - verify that user is on BMW 1 series page[[ChromeDriver: chrome on WINDOWS (6a29c4606455fa6f8be7437a12435d7c)] -> xpath: //h1[contains(text(),'21 BMW 1 Series for Sale under $30,000 in Sydney, ')]]
2020-12-28 23:12:898 INFO  BasePage :31 - Launching Chrome Browser
2020-12-29 00:12:950 INFO  BasePage :31 - Launching Chrome Browser
2020-12-29 00:12:617 INFO  HomePage :26 - This will mouse on buy sell link[[ChromeDriver: chrome on WINDOWS (e05852bf01be8597175096a277230807)] -> xpath: //a[contains(text(),'buy + sell')]]
2020-12-29 00:12:123 INFO  HomePage :33 - This will click on search cars link[[ChromeDriver: chrome on WINDOWS (e05852bf01be8597175096a277230807)] -> xpath: //a[contains(text(),'Search Cars')]]
2020-12-29 00:12:575 INFO  NewAndUsedCarSearchPage :39 - Clicking on any make field and select BMW[[ChromeDriver: chrome on WINDOWS (e05852bf01be8597175096a277230807)] -> xpath: //select[@id='makes']]
2020-12-29 00:12:994 INFO  NewAndUsedCarSearchPage :46 - Clicking on any model field and select series[[ChromeDriver: chrome on WINDOWS (e05852bf01be8597175096a277230807)] -> xpath: //select[@id='models']]
2020-12-29 00:12:228 INFO  NewAndUsedCarSearchPage :53 - Select any location field and select location[[ChromeDriver: chrome on WINDOWS (e05852bf01be8597175096a277230807)] -> xpath: //select[@id='locations']]
2020-12-29 00:12:422 INFO  NewAndUsedCarSearchPage :60 - Select price max field and select price[[ChromeDriver: chrome on WINDOWS (e05852bf01be8597175096a277230807)] -> xpath: //select[@id='priceTo']]
2020-12-29 00:12:997 INFO  NewAndUsedCarSearchPage :67 - clicking on find my next car button[[ChromeDriver: chrome on WINDOWS (e05852bf01be8597175096a277230807)] -> xpath: //input[@id='search-submit']]
2020-12-29 00:12:249 INFO  BMW1SeriesPage :21 - verify that user is on BMW 1 series page[[ChromeDriver: chrome on WINDOWS (e05852bf01be8597175096a277230807)] -> xpath: //h1[contains(text(),'21 BMW 1 Series for Sale under $30,000 in Sydney, ')]]
2020-12-29 00:12:419 INFO  BasePage :31 - Launching Chrome Browser
2020-12-29 00:12:183 INFO  HomePage :26 - This will mouse on buy sell link[[ChromeDriver: chrome on WINDOWS (4e758e89d3b42522b0a60662ccff62e7)] -> xpath: //a[contains(text(),'buy + sell')]]
2020-12-29 00:12:490 INFO  HomePage :39 - This will click on used search cars link[[ChromeDriver: chrome on WINDOWS (4e758e89d3b42522b0a60662ccff62e7)] -> xpath: //*[@id="u_H"]/div/div[1]/ul/li[1]//div[1]/ul/li[2]/a]
2020-12-29 00:12:811 INFO  NewAndUsedCarSearchPage :39 - Clicking on any make field and select BMW[[ChromeDriver: chrome on WINDOWS (4e758e89d3b42522b0a60662ccff62e7)] -> xpath: //select[@id='makes']]
2020-12-29 00:12:531 INFO  NewAndUsedCarSearchPage :46 - Clicking on any model field and select series[[ChromeDriver: chrome on WINDOWS (4e758e89d3b42522b0a60662ccff62e7)] -> xpath: //select[@id='models']]
2020-12-29 00:12:768 INFO  NewAndUsedCarSearchPage :53 - Select any location field and select location[[ChromeDriver: chrome on WINDOWS (4e758e89d3b42522b0a60662ccff62e7)] -> xpath: //select[@id='locations']]
2020-12-29 00:12:990 INFO  NewAndUsedCarSearchPage :60 - Select price max field and select price[[ChromeDriver: chrome on WINDOWS (4e758e89d3b42522b0a60662ccff62e7)] -> xpath: //select[@id='priceTo']]
2020-12-29 00:12:194 INFO  NewAndUsedCarSearchPage :67 - clicking on find my next car button[[ChromeDriver: chrome on WINDOWS (4e758e89d3b42522b0a60662ccff62e7)] -> xpath: //input[@id='search-submit']]
2020-12-29 00:12:508 INFO  AudiA4Page :23 - Verify user navigate to Audi A4 page[[ChromeDriver: chrome on WINDOWS (4e758e89d3b42522b0a60662ccff62e7)] -> xpath: //*[@id="all-tab-content"]/div/div[3]/h1]
2020-12-29 00:12:352 INFO  BasePage :31 - Launching Chrome Browser
2020-12-29 00:12:492 INFO  HomePage :26 - This will mouse on buy sell link[[ChromeDriver: chrome on WINDOWS (8fca18deef90231f7e2552684d08159c)] -> xpath: //a[contains(text(),'buy + sell')]]
2020-12-29 00:12:838 INFO  HomePage :33 - This will click on search cars link[[ChromeDriver: chrome on WINDOWS (8fca18deef90231f7e2552684d08159c)] -> xpath: //a[contains(text(),'Search Cars')]]
2020-12-29 00:12:674 INFO  NewAndUsedCarSearchPage :39 - Clicking on any make field and select BMW[[ChromeDriver: chrome on WINDOWS (8fca18deef90231f7e2552684d08159c)] -> xpath: //select[@id='makes']]
2020-12-29 00:12:258 INFO  NewAndUsedCarSearchPage :46 - Clicking on any model field and select series[[ChromeDriver: chrome on WINDOWS (8fca18deef90231f7e2552684d08159c)] -> xpath: //select[@id='models']]
2020-12-29 00:12:528 INFO  NewAndUsedCarSearchPage :53 - Select any location field and select location[[ChromeDriver: chrome on WINDOWS (8fca18deef90231f7e2552684d08159c)] -> xpath: //select[@id='locations']]
2020-12-29 00:12:754 INFO  NewAndUsedCarSearchPage :60 - Select price max field and select price[[ChromeDriver: chrome on WINDOWS (8fca18deef90231f7e2552684d08159c)] -> xpath: //select[@id='priceTo']]
2020-12-29 00:12:29 INFO  NewAndUsedCarSearchPage :67 - clicking on find my next car button[[ChromeDriver: chrome on WINDOWS (8fca18deef90231f7e2552684d08159c)] -> xpath: //input[@id='search-submit']]
2020-12-29 00:12:451 INFO  BMW1SeriesPage :21 - verify that user is on BMW 1 series page[[ChromeDriver: chrome on WINDOWS (8fca18deef90231f7e2552684d08159c)] -> xpath: //h1[contains(text(),'21 BMW 1 Series for Sale under $30,000 in Sydney, ')]]
2020-12-29 00:12:952 INFO  BasePage :31 - Launching Chrome Browser
2020-12-29 00:12:692 INFO  HomePage :26 - This will mouse on buy sell link[[ChromeDriver: chrome on WINDOWS (1cee5a097b79847061e3f8ea71b4b2d8)] -> xpath: //a[contains(text(),'buy + sell')]]
2020-12-29 00:12:121 INFO  HomePage :39 - This will click on used search cars link[[ChromeDriver: chrome on WINDOWS (1cee5a097b79847061e3f8ea71b4b2d8)] -> xpath: //*[@id="u_H"]/div/div[1]/ul/li[1]//div[1]/ul/li[2]/a]
2020-12-29 00:12:549 INFO  NewAndUsedCarSearchPage :39 - Clicking on any make field and select BMW[[ChromeDriver: chrome on WINDOWS (1cee5a097b79847061e3f8ea71b4b2d8)] -> xpath: //select[@id='makes']]
2020-12-29 00:12:229 INFO  NewAndUsedCarSearchPage :46 - Clicking on any model field and select series[[ChromeDriver: chrome on WINDOWS (1cee5a097b79847061e3f8ea71b4b2d8)] -> xpath: //select[@id='models']]
2020-12-29 00:12:472 INFO  NewAndUsedCarSearchPage :53 - Select any location field and select location[[ChromeDriver: chrome on WINDOWS (1cee5a097b79847061e3f8ea71b4b2d8)] -> xpath: //select[@id='locations']]
2020-12-29 00:12:650 INFO  NewAndUsedCarSearchPage :60 - Select price max field and select price[[ChromeDriver: chrome on WINDOWS (1cee5a097b79847061e3f8ea71b4b2d8)] -> xpath: //select[@id='priceTo']]
2020-12-29 00:12:928 INFO  NewAndUsedCarSearchPage :67 - clicking on find my next car button[[ChromeDriver: chrome on WINDOWS (1cee5a097b79847061e3f8ea71b4b2d8)] -> xpath: //input[@id='search-submit']]
2020-12-29 00:12:919 INFO  AudiA4Page :23 - Verify user navigate to Audi A4 page[[ChromeDriver: chrome on WINDOWS (1cee5a097b79847061e3f8ea71b4b2d8)] -> xpath: //*[@id="all-tab-content"]/div/div[3]/h1]
2020-12-29 00:12:329 INFO  BasePage :31 - Launching Chrome Browser
2020-12-29 00:12:141 INFO  HomePage :26 - This will mouse on buy sell link[[ChromeDriver: chrome on WINDOWS (f5af629ded4ba9c0ecf9cf6c70b7799b)] -> xpath: //a[contains(text(),'buy + sell')]]
2020-12-29 00:12:26 INFO  HomePage :33 - This will click on search cars link[[ChromeDriver: chrome on WINDOWS (f5af629ded4ba9c0ecf9cf6c70b7799b)] -> xpath: //a[contains(text(),'Search Cars')]]
2020-12-29 00:12:658 INFO  NewAndUsedCarSearchPage :39 - Clicking on any make field and select BMW[[ChromeDriver: chrome on WINDOWS (f5af629ded4ba9c0ecf9cf6c70b7799b)] -> xpath: //select[@id='makes']]
2020-12-29 00:12:98 INFO  NewAndUsedCarSearchPage :46 - Clicking on any model field and select series[[ChromeDriver: chrome on WINDOWS (f5af629ded4ba9c0ecf9cf6c70b7799b)] -> xpath: //select[@id='models']]
2020-12-29 00:12:650 INFO  NewAndUsedCarSearchPage :53 - Select any location field and select location[[ChromeDriver: chrome on WINDOWS (f5af629ded4ba9c0ecf9cf6c70b7799b)] -> xpath: //select[@id='locations']]
2020-12-29 00:12:931 INFO  NewAndUsedCarSearchPage :60 - Select price max field and select price[[ChromeDriver: chrome on WINDOWS (f5af629ded4ba9c0ecf9cf6c70b7799b)] -> xpath: //select[@id='priceTo']]
2020-12-29 00:12:193 INFO  NewAndUsedCarSearchPage :67 - clicking on find my next car button[[ChromeDriver: chrome on WINDOWS (f5af629ded4ba9c0ecf9cf6c70b7799b)] -> xpath: //input[@id='search-submit']]
2020-12-29 00:12:357 INFO  BMW1SeriesPage :21 - verify that user is on BMW 1 series page[[ChromeDriver: chrome on WINDOWS (f5af629ded4ba9c0ecf9cf6c70b7799b)] -> xpath: //h1[contains(text(),'21 BMW 1 Series for Sale under $30,000 in Sydney, ')]]
2020-12-29 00:12:908 INFO  BasePage :31 - Launching Chrome Browser
2020-12-29 00:12:619 INFO  BasePage :31 - Launching Chrome Browser
2020-12-29 00:12:318 INFO  HomePage :26 - This will mouse on buy sell link[[ChromeDriver: chrome on WINDOWS (43853f6761f8d30c96fa5dbb7a3997d9)] -> xpath: //a[contains(text(),'buy + sell')]]
2020-12-29 00:12:642 INFO  HomePage :33 - This will click on search cars link[[ChromeDriver: chrome on WINDOWS (43853f6761f8d30c96fa5dbb7a3997d9)] -> xpath: //a[contains(text(),'Search Cars')]]
2020-12-29 00:12:400 INFO  NewAndUsedCarSearchPage :39 - Clicking on any make field and select BMW[[ChromeDriver: chrome on WINDOWS (43853f6761f8d30c96fa5dbb7a3997d9)] -> xpath: //select[@id='makes']]
2020-12-29 00:12:08 INFO  NewAndUsedCarSearchPage :46 - Clicking on any model field and select series[[ChromeDriver: chrome on WINDOWS (43853f6761f8d30c96fa5dbb7a3997d9)] -> xpath: //select[@id='models']]
2020-12-29 00:12:251 INFO  NewAndUsedCarSearchPage :53 - Select any location field and select location[[ChromeDriver: chrome on WINDOWS (43853f6761f8d30c96fa5dbb7a3997d9)] -> xpath: //select[@id='locations']]
2020-12-29 00:12:480 INFO  NewAndUsedCarSearchPage :60 - Select price max field and select price[[ChromeDriver: chrome on WINDOWS (43853f6761f8d30c96fa5dbb7a3997d9)] -> xpath: //select[@id='priceTo']]
2020-12-29 00:12:733 INFO  NewAndUsedCarSearchPage :67 - clicking on find my next car button[[ChromeDriver: chrome on WINDOWS (43853f6761f8d30c96fa5dbb7a3997d9)] -> xpath: //input[@id='search-submit']]
2020-12-29 00:12:362 INFO  BMW1SeriesPage :21 - verify that user is on BMW 1 series page[[ChromeDriver: chrome on WINDOWS (43853f6761f8d30c96fa5dbb7a3997d9)] -> xpath: //h1[contains(text(),'21 BMW 1 Series for Sale under $30,000 in Sydney, ')]]
2020-12-29 00:12:730 INFO  BasePage :31 - Launching Chrome Browser
2020-12-29 00:12:294 INFO  HomePage :26 - This will mouse on buy sell link[[ChromeDriver: chrome on WINDOWS (6bc5ea720152dee47670e39683c94183)] -> xpath: //a[contains(text(),'buy + sell')]]
2020-12-29 00:12:94 INFO  HomePage :39 - This will click on used search cars link[[ChromeDriver: chrome on WINDOWS (6bc5ea720152dee47670e39683c94183)] -> xpath: //*[@id="u_H"]/div/div[1]/ul/li[1]//div[1]/ul/li[2]/a]
2020-12-29 00:12:881 INFO  NewAndUsedCarSearchPage :39 - Clicking on any make field and select BMW[[ChromeDriver: chrome on WINDOWS (6bc5ea720152dee47670e39683c94183)] -> xpath: //select[@id='makes']]
2020-12-29 00:12:457 INFO  NewAndUsedCarSearchPage :46 - Clicking on any model field and select series[[ChromeDriver: chrome on WINDOWS (6bc5ea720152dee47670e39683c94183)] -> xpath: //select[@id='models']]
2020-12-29 00:12:722 INFO  NewAndUsedCarSearchPage :53 - Select any location field and select location[[ChromeDriver: chrome on WINDOWS (6bc5ea720152dee47670e39683c94183)] -> xpath: //select[@id='locations']]
2020-12-29 00:12:951 INFO  NewAndUsedCarSearchPage :60 - Select price max field and select price[[ChromeDriver: chrome on WINDOWS (6bc5ea720152dee47670e39683c94183)] -> xpath: //select[@id='priceTo']]
2020-12-29 00:12:265 INFO  NewAndUsedCarSearchPage :67 - clicking on find my next car button[[ChromeDriver: chrome on WINDOWS (6bc5ea720152dee47670e39683c94183)] -> xpath: //input[@id='search-submit']]
2020-12-29 00:12:206 INFO  AudiA4Page :23 - Verify user navigate to Audi A4 page[[ChromeDriver: chrome on WINDOWS (6bc5ea720152dee47670e39683c94183)] -> xpath: //*[@id="all-tab-content"]/div/div[3]/h1]
2020-12-29 00:12:98 INFO  BasePage :31 - Launching Chrome Browser
2020-12-29 00:12:83 INFO  HomePage :26 - This will mouse on buy sell link[[ChromeDriver: chrome on WINDOWS (111fd52a0a1a95d2425e70198c30704a)] -> xpath: //a[contains(text(),'buy + sell')]]
2020-12-29 00:12:560 INFO  HomePage :33 - This will click on search cars link[[ChromeDriver: chrome on WINDOWS (111fd52a0a1a95d2425e70198c30704a)] -> xpath: //a[contains(text(),'Search Cars')]]
2020-12-29 00:12:120 INFO  NewAndUsedCarSearchPage :39 - Clicking on any make field and select BMW[[ChromeDriver: chrome on WINDOWS (111fd52a0a1a95d2425e70198c30704a)] -> xpath: //select[@id='makes']]
2020-12-29 00:12:882 INFO  NewAndUsedCarSearchPage :46 - Clicking on any model field and select series[[ChromeDriver: chrome on WINDOWS (111fd52a0a1a95d2425e70198c30704a)] -> xpath: //select[@id='models']]
2020-12-29 00:12:168 INFO  NewAndUsedCarSearchPage :53 - Select any location field and select location[[ChromeDriver: chrome on WINDOWS (111fd52a0a1a95d2425e70198c30704a)] -> xpath: //select[@id='locations']]
2020-12-29 00:12:430 INFO  NewAndUsedCarSearchPage :60 - Select price max field and select price[[ChromeDriver: chrome on WINDOWS (111fd52a0a1a95d2425e70198c30704a)] -> xpath: //select[@id='priceTo']]
2020-12-29 00:12:660 INFO  NewAndUsedCarSearchPage :67 - clicking on find my next car button[[ChromeDriver: chrome on WINDOWS (111fd52a0a1a95d2425e70198c30704a)] -> xpath: //input[@id='search-submit']]
2020-12-29 00:12:15 INFO  BMW1SeriesPage :21 - verify that user is on BMW 1 series page[[ChromeDriver: chrome on WINDOWS (111fd52a0a1a95d2425e70198c30704a)] -> xpath: //h1[contains(text(),'21 BMW 1 Series for Sale under $30,000 in Sydney, ')]]
2020-12-29 00:12:871 INFO  BasePage :31 - Launching Chrome Browser
2020-12-29 00:12:541 INFO  HomePage :26 - This will mouse on buy sell link[[ChromeDriver: chrome on WINDOWS (4200893c9d5d185b3ab20c1a7dc4d5d2)] -> xpath: //a[contains(text(),'buy + sell')]]
2020-12-29 00:12:117 INFO  HomePage :39 - This will click on used search cars link[[ChromeDriver: chrome on WINDOWS (4200893c9d5d185b3ab20c1a7dc4d5d2)] -> xpath: //*[@id="u_H"]/div/div[1]/ul/li[1]//div[1]/ul/li[2]/a]
2020-12-29 00:12:854 INFO  NewAndUsedCarSearchPage :39 - Clicking on any make field and select BMW[[ChromeDriver: chrome on WINDOWS (4200893c9d5d185b3ab20c1a7dc4d5d2)] -> xpath: //select[@id='makes']]
2020-12-29 00:12:120 INFO  NewAndUsedCarSearchPage :46 - Clicking on any model field and select series[[ChromeDriver: chrome on WINDOWS (4200893c9d5d185b3ab20c1a7dc4d5d2)] -> xpath: //select[@id='models']]
2020-12-29 00:12:613 INFO  NewAndUsedCarSearchPage :53 - Select any location field and select location[[ChromeDriver: chrome on WINDOWS (4200893c9d5d185b3ab20c1a7dc4d5d2)] -> xpath: //select[@id='locations']]
2020-12-29 00:12:837 INFO  NewAndUsedCarSearchPage :60 - Select price max field and select price[[ChromeDriver: chrome on WINDOWS (4200893c9d5d185b3ab20c1a7dc4d5d2)] -> xpath: //select[@id='priceTo']]
2020-12-29 00:12:86 INFO  NewAndUsedCarSearchPage :67 - clicking on find my next car button[[ChromeDriver: chrome on WINDOWS (4200893c9d5d185b3ab20c1a7dc4d5d2)] -> xpath: //input[@id='search-submit']]
2020-12-29 00:12:291 INFO  AudiA4Page :23 - Verify user navigate to Audi A4 page[[ChromeDriver: chrome on WINDOWS (4200893c9d5d185b3ab20c1a7dc4d5d2)] -> xpath: //*[@id="all-tab-content"]/div/div[3]/h1]
2020-12-29 00:12:565 INFO  BasePage :31 - Launching Chrome Browser
2020-12-29 00:12:74 INFO  HomePage :26 - This will mouse on buy sell link[[ChromeDriver: chrome on WINDOWS (dd56fb407beb78e4df70f308151e8927)] -> xpath: //a[contains(text(),'buy + sell')]]
2020-12-29 00:12:644 INFO  HomePage :33 - This will click on search cars link[[ChromeDriver: chrome on WINDOWS (dd56fb407beb78e4df70f308151e8927)] -> xpath: //a[contains(text(),'Search Cars')]]
2020-12-29 00:12:937 INFO  NewAndUsedCarSearchPage :39 - Clicking on any make field and select BMW[[ChromeDriver: chrome on WINDOWS (dd56fb407beb78e4df70f308151e8927)] -> xpath: //select[@id='makes']]
2020-12-29 00:12:298 INFO  NewAndUsedCarSearchPage :46 - Clicking on any model field and select series[[ChromeDriver: chrome on WINDOWS (dd56fb407beb78e4df70f308151e8927)] -> xpath: //select[@id='models']]
2020-12-29 00:12:584 INFO  NewAndUsedCarSearchPage :53 - Select any location field and select location[[ChromeDriver: chrome on WINDOWS (dd56fb407beb78e4df70f308151e8927)] -> xpath: //select[@id='locations']]
2020-12-29 00:12:790 INFO  NewAndUsedCarSearchPage :60 - Select price max field and select price[[ChromeDriver: chrome on WINDOWS (dd56fb407beb78e4df70f308151e8927)] -> xpath: //select[@id='priceTo']]
2020-12-29 00:12:75 INFO  NewAndUsedCarSearchPage :67 - clicking on find my next car button[[ChromeDriver: chrome on WINDOWS (dd56fb407beb78e4df70f308151e8927)] -> xpath: //input[@id='search-submit']]
2020-12-29 00:12:290 INFO  BMW1SeriesPage :21 - verify that user is on BMW 1 series page[[ChromeDriver: chrome on WINDOWS (dd56fb407beb78e4df70f308151e8927)] -> xpath: //h1[contains(text(),'21 BMW 1 Series for Sale under $30,000 in Sydney, ')]]
2020-12-29 00:12:416 INFO  BasePage :31 - Launching Chrome Browser
2020-12-29 00:12:91 INFO  HomePage :26 - This will mouse on buy sell link[[ChromeDriver: chrome on WINDOWS (fccd0ef92cec763a1d5311d58d988add)] -> xpath: //a[contains(text(),'buy + sell')]]
2020-12-29 00:12:22 INFO  HomePage :39 - This will click on used search cars link[[ChromeDriver: chrome on WINDOWS (fccd0ef92cec763a1d5311d58d988add)] -> xpath: //*[@id="u_H"]/div/div[1]/ul/li[1]//div[1]/ul/li[2]/a]
2020-12-29 00:12:314 INFO  NewAndUsedCarSearchPage :39 - Clicking on any make field and select BMW[[ChromeDriver: chrome on WINDOWS (fccd0ef92cec763a1d5311d58d988add)] -> xpath: //select[@id='makes']]
2020-12-29 00:12:653 INFO  NewAndUsedCarSearchPage :46 - Clicking on any model field and select series[[ChromeDriver: chrome on WINDOWS (fccd0ef92cec763a1d5311d58d988add)] -> xpath: //select[@id='models']]
2020-12-29 00:12:922 INFO  NewAndUsedCarSearchPage :53 - Select any location field and select location[[ChromeDriver: chrome on WINDOWS (fccd0ef92cec763a1d5311d58d988add)] -> xpath: //select[@id='locations']]
2020-12-29 00:12:164 INFO  NewAndUsedCarSearchPage :60 - Select price max field and select price[[ChromeDriver: chrome on WINDOWS (fccd0ef92cec763a1d5311d58d988add)] -> xpath: //select[@id='priceTo']]
2020-12-29 00:12:424 INFO  NewAndUsedCarSearchPage :67 - clicking on find my next car button[[ChromeDriver: chrome on WINDOWS (fccd0ef92cec763a1d5311d58d988add)] -> xpath: //input[@id='search-submit']]
2020-12-29 00:12:557 INFO  AudiA4Page :23 - Verify user navigate to Audi A4 page[[ChromeDriver: chrome on WINDOWS (fccd0ef92cec763a1d5311d58d988add)] -> xpath: //*[@id="all-tab-content"]/div/div[3]/h1]
2020-12-29 00:12:439 INFO  BasePage :31 - Launching Chrome Browser
2020-12-29 00:12:641 INFO  HomePage :26 - This will mouse on buy sell link[[ChromeDriver: chrome on WINDOWS (dd5e7cd9d6004080e63b7f5ab37e2f04)] -> xpath: //a[contains(text(),'buy + sell')]]
2020-12-29 00:12:212 INFO  HomePage :33 - This will click on search cars link[[ChromeDriver: chrome on WINDOWS (dd5e7cd9d6004080e63b7f5ab37e2f04)] -> xpath: //a[contains(text(),'Search Cars')]]
2020-12-29 00:12:111 INFO  NewAndUsedCarSearchPage :39 - Clicking on any make field and select BMW[[ChromeDriver: chrome on WINDOWS (dd5e7cd9d6004080e63b7f5ab37e2f04)] -> xpath: //select[@id='makes']]
2020-12-29 00:12:399 INFO  NewAndUsedCarSearchPage :46 - Clicking on any model field and select series[[ChromeDriver: chrome on WINDOWS (dd5e7cd9d6004080e63b7f5ab37e2f04)] -> xpath: //select[@id='models']]
2020-12-29 00:12:740 INFO  NewAndUsedCarSearchPage :53 - Select any location field and select location[[ChromeDriver: chrome on WINDOWS (dd5e7cd9d6004080e63b7f5ab37e2f04)] -> xpath: //select[@id='locations']]
2020-12-29 00:12:24 INFO  NewAndUsedCarSearchPage :60 - Select price max field and select price[[ChromeDriver: chrome on WINDOWS (dd5e7cd9d6004080e63b7f5ab37e2f04)] -> xpath: //select[@id='priceTo']]
2020-12-29 00:12:295 INFO  NewAndUsedCarSearchPage :67 - clicking on find my next car button[[ChromeDriver: chrome on WINDOWS (dd5e7cd9d6004080e63b7f5ab37e2f04)] -> xpath: //input[@id='search-submit']]
2020-12-29 00:12:442 INFO  BMW1SeriesPage :21 - verify that user is on BMW 1 series page[[ChromeDriver: chrome on WINDOWS (dd5e7cd9d6004080e63b7f5ab37e2f04)] -> xpath: //h1[contains(text(),'21 BMW 1 Series for Sale under $30,000 in Sydney, ')]]
2020-12-29 00:12:832 INFO  BasePage :31 - Launching Chrome Browser
2020-12-29 00:12:323 INFO  HomePage :26 - This will mouse on buy sell link[[ChromeDriver: chrome on WINDOWS (361d91780364e4eef1176ba269f8c777)] -> xpath: //a[contains(text(),'buy + sell')]]
2020-12-29 00:12:114 INFO  HomePage :39 - This will click on used search cars link[[ChromeDriver: chrome on WINDOWS (361d91780364e4eef1176ba269f8c777)] -> xpath: //*[@id="u_H"]/div/div[1]/ul/li[1]//div[1]/ul/li[2]/a]
2020-12-29 00:12:732 INFO  NewAndUsedCarSearchPage :39 - Clicking on any make field and select BMW[[ChromeDriver: chrome on WINDOWS (361d91780364e4eef1176ba269f8c777)] -> xpath: //select[@id='makes']]
2020-12-29 00:12:31 INFO  NewAndUsedCarSearchPage :46 - Clicking on any model field and select series[[ChromeDriver: chrome on WINDOWS (361d91780364e4eef1176ba269f8c777)] -> xpath: //select[@id='models']]
2020-12-29 00:12:327 INFO  NewAndUsedCarSearchPage :53 - Select any location field and select location[[ChromeDriver: chrome on WINDOWS (361d91780364e4eef1176ba269f8c777)] -> xpath: //select[@id='locations']]
2020-12-29 00:12:759 INFO  NewAndUsedCarSearchPage :60 - Select price max field and select price[[ChromeDriver: chrome on WINDOWS (361d91780364e4eef1176ba269f8c777)] -> xpath: //select[@id='priceTo']]
2020-12-29 00:12:44 INFO  NewAndUsedCarSearchPage :67 - clicking on find my next car button[[ChromeDriver: chrome on WINDOWS (361d91780364e4eef1176ba269f8c777)] -> xpath: //input[@id='search-submit']]
2020-12-29 00:12:442 INFO  AudiA4Page :23 - Verify user navigate to Audi A4 page[[ChromeDriver: chrome on WINDOWS (361d91780364e4eef1176ba269f8c777)] -> xpath: //*[@id="all-tab-content"]/div/div[3]/h1]
2020-12-29 10:12:292 INFO  BasePage :31 - Launching Chrome Browser
2020-12-29 10:12:172 INFO  HomePage :26 - This will mouse on buy sell link[[ChromeDriver: chrome on WINDOWS (8ff2f08f8f8fc6e03cae2a6e5c06395f)] -> xpath: //a[contains(text(),'buy + sell')]]
2020-12-29 10:12:441 INFO  HomePage :33 - This will click on search cars link[[ChromeDriver: chrome on WINDOWS (8ff2f08f8f8fc6e03cae2a6e5c06395f)] -> xpath: //a[contains(text(),'Search Cars')]]
2020-12-29 10:12:850 INFO  NewAndUsedCarSearchPage :39 - Clicking on any make field and select BMW[[ChromeDriver: chrome on WINDOWS (8ff2f08f8f8fc6e03cae2a6e5c06395f)] -> xpath: //select[@id='makes']]
2020-12-29 10:12:105 INFO  NewAndUsedCarSearchPage :46 - Clicking on any model field and select series[[ChromeDriver: chrome on WINDOWS (8ff2f08f8f8fc6e03cae2a6e5c06395f)] -> xpath: //select[@id='models']]
2020-12-29 10:12:459 INFO  NewAndUsedCarSearchPage :53 - Select any location field and select location[[ChromeDriver: chrome on WINDOWS (8ff2f08f8f8fc6e03cae2a6e5c06395f)] -> xpath: //select[@id='locations']]
2020-12-29 10:12:996 INFO  NewAndUsedCarSearchPage :60 - Select price max field and select price[[ChromeDriver: chrome on WINDOWS (8ff2f08f8f8fc6e03cae2a6e5c06395f)] -> xpath: //select[@id='priceTo']]
2020-12-29 10:12:319 INFO  NewAndUsedCarSearchPage :67 - clicking on find my next car button[[ChromeDriver: chrome on WINDOWS (8ff2f08f8f8fc6e03cae2a6e5c06395f)] -> xpath: //input[@id='search-submit']]
2020-12-29 10:12:27 INFO  BMW1SeriesPage :21 - verify that user is on BMW 1 series pageProxy element for: DefaultElementLocator 'By.xpath: //h1[contains(text(),'21 BMW 1 Series for Sale under $30,000 in Sydney, ')]'
2020-12-29 10:12:463 INFO  BasePage :31 - Launching Chrome Browser
2020-12-29 10:12:229 INFO  HomePage :26 - This will mouse on buy sell link[[ChromeDriver: chrome on WINDOWS (5200cdfac6f377f0a303424ae11c122d)] -> xpath: //a[contains(text(),'buy + sell')]]
2020-12-29 10:12:944 INFO  HomePage :39 - This will click on used search cars link[[ChromeDriver: chrome on WINDOWS (5200cdfac6f377f0a303424ae11c122d)] -> xpath: //*[@id="u_H"]/div/div[1]/ul/li[1]//div[1]/ul/li[2]/a]
2020-12-29 10:12:943 INFO  NewAndUsedCarSearchPage :39 - Clicking on any make field and select BMW[[ChromeDriver: chrome on WINDOWS (5200cdfac6f377f0a303424ae11c122d)] -> xpath: //select[@id='makes']]
2020-12-29 10:12:348 INFO  NewAndUsedCarSearchPage :46 - Clicking on any model field and select series[[ChromeDriver: chrome on WINDOWS (5200cdfac6f377f0a303424ae11c122d)] -> xpath: //select[@id='models']]
2020-12-29 10:12:648 INFO  NewAndUsedCarSearchPage :53 - Select any location field and select location[[ChromeDriver: chrome on WINDOWS (5200cdfac6f377f0a303424ae11c122d)] -> xpath: //select[@id='locations']]
2020-12-29 10:12:894 INFO  NewAndUsedCarSearchPage :60 - Select price max field and select price[[ChromeDriver: chrome on WINDOWS (5200cdfac6f377f0a303424ae11c122d)] -> xpath: //select[@id='priceTo']]
2020-12-29 10:12:129 INFO  NewAndUsedCarSearchPage :67 - clicking on find my next car button[[ChromeDriver: chrome on WINDOWS (5200cdfac6f377f0a303424ae11c122d)] -> xpath: //input[@id='search-submit']]
2020-12-29 10:12:641 INFO  AudiA4Page :23 - Verify user navigate to Audi A4 page[[ChromeDriver: chrome on WINDOWS (5200cdfac6f377f0a303424ae11c122d)] -> xpath: //*[@id="all-tab-content"]/div/div[3]/h1]
2020-12-29 10:12:548 INFO  BasePage :31 - Launching Chrome Browser
2020-12-29 10:12:370 INFO  HomePage :26 - This will mouse on buy sell link[[ChromeDriver: chrome on WINDOWS (353e8fe9033540241cd7138c5f4235f8)] -> xpath: //a[contains(text(),'buy + sell')]]
2020-12-29 10:12:805 INFO  HomePage :33 - This will click on search cars link[[ChromeDriver: chrome on WINDOWS (353e8fe9033540241cd7138c5f4235f8)] -> xpath: //a[contains(text(),'Search Cars')]]
2020-12-29 10:12:538 INFO  NewAndUsedCarSearchPage :39 - Clicking on any make field and select BMW[[ChromeDriver: chrome on WINDOWS (353e8fe9033540241cd7138c5f4235f8)] -> xpath: //select[@id='makes']]
2020-12-29 10:12:981 INFO  NewAndUsedCarSearchPage :46 - Clicking on any model field and select series[[ChromeDriver: chrome on WINDOWS (353e8fe9033540241cd7138c5f4235f8)] -> xpath: //select[@id='models']]
2020-12-29 10:12:164 INFO  NewAndUsedCarSearchPage :53 - Select any location field and select location[[ChromeDriver: chrome on WINDOWS (353e8fe9033540241cd7138c5f4235f8)] -> xpath: //select[@id='locations']]
2020-12-29 10:12:415 INFO  NewAndUsedCarSearchPage :60 - Select price max field and select price[[ChromeDriver: chrome on WINDOWS (353e8fe9033540241cd7138c5f4235f8)] -> xpath: //select[@id='priceTo']]
2020-12-29 10:12:631 INFO  NewAndUsedCarSearchPage :67 - clicking on find my next car button[[ChromeDriver: chrome on WINDOWS (353e8fe9033540241cd7138c5f4235f8)] -> xpath: //input[@id='search-submit']]
2020-12-29 10:12:422 INFO  BMW1SeriesPage :21 - verify that user is on BMW 1 series pageProxy element for: DefaultElementLocator 'By.xpath: //h1[contains(text(),'21 BMW 1 Series for Sale under $30,000 in Sydney, ')]'
2020-12-29 10:12:881 INFO  BasePage :31 - Launching Chrome Browser
