2020-12-27 11:12:522 INFO  BasePage :30 - Launching Chrome Browser
2020-12-27 11:12:803 INFO  BasePage :30 - Launching Chrome Browser
2020-12-27 11:12:583 INFO  BasePage :30 - Launching Chrome Browser
2020-12-27 11:12:171 INFO  HomePage :23 - This will mouse on buy sell link[[ChromeDriver: chrome on WINDOWS (16fe4eaf81e111988146a65d36c421a6)] -> xpath: //a[contains(text(),'buy + sell')]]
2020-12-27 11:12:543 INFO  HomePage :30 - This will click on search cars link[[ChromeDriver: chrome on WINDOWS (16fe4eaf81e111988146a65d36c421a6)] -> xpath: //a[contains(text(),'Search Cars')]]
2020-12-27 11:12:769 INFO  BasePage :30 - Launching Chrome Browser
2020-12-27 11:12:53 INFO  HomePage :23 - This will mouse on buy sell link[[ChromeDriver: chrome on WINDOWS (f29fcad2e05ad1ec0a24a693d1a9ab2c)] -> xpath: //a[contains(text(),'buy + sell')]]
2020-12-27 11:12:564 INFO  HomePage :30 - This will click on search cars link[[ChromeDriver: chrome on WINDOWS (f29fcad2e05ad1ec0a24a693d1a9ab2c)] -> xpath: //a[contains(text(),'Search Cars')]]
2020-12-27 11:12:623 INFO  NewAndUsedCarSearchPage :22 - Verify that user is on new and used car search page [[ChromeDriver: chrome on WINDOWS (f29fcad2e05ad1ec0a24a693d1a9ab2c)] -> xpath: //h1[contains(text(),'New & Used Car Search - carsguide')]]
2020-12-27 12:12:561 INFO  BasePage :30 - Launching Chrome Browser
2020-12-27 12:12:433 INFO  HomePage :23 - This will mouse on buy sell link[[ChromeDriver: chrome on WINDOWS (2af27e5131209e048c816d56e33b8115)] -> xpath: //a[contains(text(),'buy + sell')]]
2020-12-27 12:12:914 INFO  HomePage :30 - This will click on search cars link[[ChromeDriver: chrome on WINDOWS (2af27e5131209e048c816d56e33b8115)] -> xpath: //a[contains(text(),'Search Cars')]]
2020-12-27 12:12:450 INFO  NewAndUsedCarSearchPage :23 - Verify that user is on new and used car search page [[ChromeDriver: chrome on WINDOWS (2af27e5131209e048c816d56e33b8115)] -> xpath: //h1[contains(text(),'New & Used Car Search - carsguide')]]
2020-12-27 12:12:796 INFO  NewAndUsedCarSearchPage :30 - Clicking on any make field[[ChromeDriver: chrome on WINDOWS (2af27e5131209e048c816d56e33b8115)] -> xpath: //select[@id='makes']]
2020-12-27 12:12:931 INFO  BasePage :30 - Launching Chrome Browser
2020-12-27 12:12:790 INFO  HomePage :23 - This will mouse on buy sell link[[ChromeDriver: chrome on WINDOWS (265f946fedab0616654c83e54a9e013e)] -> xpath: //a[contains(text(),'buy + sell')]]
2020-12-27 12:12:330 INFO  HomePage :30 - This will click on search cars link[[ChromeDriver: chrome on WINDOWS (265f946fedab0616654c83e54a9e013e)] -> xpath: //a[contains(text(),'Search Cars')]]
2020-12-27 12:12:54 INFO  NewAndUsedCarSearchPage :23 - Verify that user is on new and used car search page [[ChromeDriver: chrome on WINDOWS (265f946fedab0616654c83e54a9e013e)] -> xpath: //h1[contains(text(),'New & Used Car Search - carsguide')]]
2020-12-27 12:12:114 INFO  NewAndUsedCarSearchPage :30 - Clicking on any make field[[ChromeDriver: chrome on WINDOWS (265f946fedab0616654c83e54a9e013e)] -> xpath: //select[@id='makes']]
2020-12-27 12:12:874 INFO  BasePage :30 - Launching Chrome Browser
2020-12-27 12:12:617 INFO  HomePage :23 - This will mouse on buy sell link[[ChromeDriver: chrome on WINDOWS (3e95eff4b7c3a9a077689f7ce06358f7)] -> xpath: //a[contains(text(),'buy + sell')]]
2020-12-27 12:12:609 INFO  HomePage :30 - This will click on search cars link[[ChromeDriver: chrome on WINDOWS (3e95eff4b7c3a9a077689f7ce06358f7)] -> xpath: //a[contains(text(),'Search Cars')]]
2020-12-27 12:12:897 INFO  NewAndUsedCarSearchPage :23 - Verify that user is on new and used car search page [[ChromeDriver: chrome on WINDOWS (3e95eff4b7c3a9a077689f7ce06358f7)] -> xpath: //h1[contains(text(),'New & Used Car Search - carsguide')]]
2020-12-27 12:12:560 INFO  NewAndUsedCarSearchPage :30 - Clicking on any make field and select BMW[[ChromeDriver: chrome on WINDOWS (3e95eff4b7c3a9a077689f7ce06358f7)] -> xpath: //select[@id='makes']]
2020-12-27 12:12:381 INFO  BasePage :30 - Launching Chrome Browser
2020-12-27 12:12:597 INFO  HomePage :23 - This will mouse on buy sell link[[ChromeDriver: chrome on WINDOWS (3aa3bba79c37b481919ad841d1fc1ae2)] -> xpath: //a[contains(text(),'buy + sell')]]
2020-12-27 12:12:130 INFO  HomePage :30 - This will click on search cars link[[ChromeDriver: chrome on WINDOWS (3aa3bba79c37b481919ad841d1fc1ae2)] -> xpath: //a[contains(text(),'Search Cars')]]
2020-12-27 12:12:327 INFO  NewAndUsedCarSearchPage :25 - Verify that user is on new and used car search page [[ChromeDriver: chrome on WINDOWS (3aa3bba79c37b481919ad841d1fc1ae2)] -> xpath: //h1[contains(text(),'New & Used Car Search - carsguide')]]
2020-12-27 12:12:602 INFO  NewAndUsedCarSearchPage :32 - Clicking on any make field and select BMW[[ChromeDriver: chrome on WINDOWS (3aa3bba79c37b481919ad841d1fc1ae2)] -> xpath: //select[@id='makes']]
2020-12-27 12:12:938 INFO  NewAndUsedCarSearchPage :40 - Clicking on any model field and select series[[ChromeDriver: chrome on WINDOWS (3aa3bba79c37b481919ad841d1fc1ae2)] -> xpath: //select[@id='models']]
2020-12-27 12:12:833 INFO  BasePage :30 - Launching Chrome Browser
2020-12-27 12:12:07 INFO  HomePage :23 - This will mouse on buy sell link[[ChromeDriver: chrome on WINDOWS (458044db8f3d8c046965afba1f5a80fc)] -> xpath: //a[contains(text(),'buy + sell')]]
2020-12-27 12:12:559 INFO  HomePage :30 - This will click on search cars link[[ChromeDriver: chrome on WINDOWS (458044db8f3d8c046965afba1f5a80fc)] -> xpath: //a[contains(text(),'Search Cars')]]
2020-12-27 12:12:873 INFO  NewAndUsedCarSearchPage :25 - Verify that user is on new and used car search page [[ChromeDriver: chrome on WINDOWS (458044db8f3d8c046965afba1f5a80fc)] -> xpath: //h1[contains(text(),'New & Used Car Search - carsguide')]]
2020-12-27 12:12:939 INFO  NewAndUsedCarSearchPage :32 - Clicking on any make field and select BMW[[ChromeDriver: chrome on WINDOWS (458044db8f3d8c046965afba1f5a80fc)] -> xpath: //select[@id='makes']]
2020-12-27 12:12:450 INFO  NewAndUsedCarSearchPage :40 - Clicking on any model field and select series[[ChromeDriver: chrome on WINDOWS (458044db8f3d8c046965afba1f5a80fc)] -> xpath: //select[@id='models']]
2020-12-27 12:12:308 INFO  BasePage :30 - Launching Chrome Browser
2020-12-27 12:12:314 INFO  HomePage :23 - This will mouse on buy sell link[[ChromeDriver: chrome on WINDOWS (395fb2128d18f2107935caa03e7e85ac)] -> xpath: //a[contains(text(),'buy + sell')]]
2020-12-27 12:12:923 INFO  HomePage :30 - This will click on search cars link[[ChromeDriver: chrome on WINDOWS (395fb2128d18f2107935caa03e7e85ac)] -> xpath: //a[contains(text(),'Search Cars')]]
2020-12-27 12:12:47 INFO  NewAndUsedCarSearchPage :25 - Verify that user is on new and used car search page [[ChromeDriver: chrome on WINDOWS (395fb2128d18f2107935caa03e7e85ac)] -> xpath: //h1[contains(text(),'New & Used Car Search - carsguide')]]
2020-12-27 12:12:484 INFO  NewAndUsedCarSearchPage :32 - Clicking on any make field and select BMW[[ChromeDriver: chrome on WINDOWS (395fb2128d18f2107935caa03e7e85ac)] -> xpath: //select[@id='makes']]
2020-12-27 12:12:882 INFO  NewAndUsedCarSearchPage :39 - Clicking on any model field and select series[[ChromeDriver: chrome on WINDOWS (395fb2128d18f2107935caa03e7e85ac)] -> xpath: //select[@id='models']]
2020-12-27 12:12:444 INFO  BasePage :30 - Launching Chrome Browser
2020-12-27 12:12:873 INFO  HomePage :23 - This will mouse on buy sell link[[ChromeDriver: chrome on WINDOWS (4d9aff2735bb5288b82a7ce80a206b57)] -> xpath: //a[contains(text(),'buy + sell')]]
2020-12-27 12:12:956 INFO  HomePage :30 - This will click on search cars link[[ChromeDriver: chrome on WINDOWS (4d9aff2735bb5288b82a7ce80a206b57)] -> xpath: //a[contains(text(),'Search Cars')]]
2020-12-27 12:12:761 INFO  NewAndUsedCarSearchPage :26 - Verify that user is on new and used car search page [[ChromeDriver: chrome on WINDOWS (4d9aff2735bb5288b82a7ce80a206b57)] -> xpath: //h1[contains(text(),'New & Used Car Search - carsguide')]]
2020-12-27 12:12:974 INFO  NewAndUsedCarSearchPage :33 - Clicking on any make field and select BMW[[ChromeDriver: chrome on WINDOWS (4d9aff2735bb5288b82a7ce80a206b57)] -> xpath: //select[@id='makes']]
2020-12-27 12:12:212 INFO  NewAndUsedCarSearchPage :40 - Clicking on any model field and select series[[ChromeDriver: chrome on WINDOWS (4d9aff2735bb5288b82a7ce80a206b57)] -> xpath: //select[@id='models']]
2020-12-27 12:12:399 INFO  NewAndUsedCarSearchPage :47 - Select any location field and select location[[ChromeDriver: chrome on WINDOWS (4d9aff2735bb5288b82a7ce80a206b57)] -> xpath: //select[@id='locations']]
2020-12-27 12:12:721 INFO  BasePage :30 - Launching Chrome Browser
2020-12-27 12:12:512 INFO  HomePage :23 - This will mouse on buy sell link[[ChromeDriver: chrome on WINDOWS (d8a10b01d09ce5469ce0c841b2d122a3)] -> xpath: //a[contains(text(),'buy + sell')]]
2020-12-27 12:12:907 INFO  HomePage :30 - This will click on search cars link[[ChromeDriver: chrome on WINDOWS (d8a10b01d09ce5469ce0c841b2d122a3)] -> xpath: //a[contains(text(),'Search Cars')]]
2020-12-27 12:12:538 INFO  NewAndUsedCarSearchPage :28 - Verify that user is on new and used car search page [[ChromeDriver: chrome on WINDOWS (d8a10b01d09ce5469ce0c841b2d122a3)] -> xpath: //h1[contains(text(),'New & Used Car Search - carsguide')]]
2020-12-27 12:12:936 INFO  NewAndUsedCarSearchPage :35 - Clicking on any make field and select BMW[[ChromeDriver: chrome on WINDOWS (d8a10b01d09ce5469ce0c841b2d122a3)] -> xpath: //select[@id='makes']]
2020-12-27 12:12:148 INFO  NewAndUsedCarSearchPage :42 - Clicking on any model field and select series[[ChromeDriver: chrome on WINDOWS (d8a10b01d09ce5469ce0c841b2d122a3)] -> xpath: //select[@id='models']]
2020-12-27 12:12:297 INFO  NewAndUsedCarSearchPage :49 - Select any location field and select location[[ChromeDriver: chrome on WINDOWS (d8a10b01d09ce5469ce0c841b2d122a3)] -> xpath: //select[@id='locations']]
2020-12-27 12:12:423 INFO  NewAndUsedCarSearchPage :56 - Select price max field and select price[[ChromeDriver: chrome on WINDOWS (d8a10b01d09ce5469ce0c841b2d122a3)] -> xpath: //select[@id='priceTo']]
2020-12-27 12:12:107 INFO  BasePage :30 - Launching Chrome Browser
2020-12-27 12:12:392 INFO  HomePage :23 - This will mouse on buy sell link[[ChromeDriver: chrome on WINDOWS (45a522a45fac81852d61fd022f167270)] -> xpath: //a[contains(text(),'buy + sell')]]
2020-12-27 12:12:971 INFO  HomePage :30 - This will click on search cars link[[ChromeDriver: chrome on WINDOWS (45a522a45fac81852d61fd022f167270)] -> xpath: //a[contains(text(),'Search Cars')]]
2020-12-27 12:12:437 INFO  NewAndUsedCarSearchPage :31 - Verify that user is on new and used car search page [[ChromeDriver: chrome on WINDOWS (45a522a45fac81852d61fd022f167270)] -> xpath: //h1[contains(text(),'New & Used Car Search - carsguide')]]
2020-12-27 12:12:661 INFO  NewAndUsedCarSearchPage :38 - Clicking on any make field and select BMW[[ChromeDriver: chrome on WINDOWS (45a522a45fac81852d61fd022f167270)] -> xpath: //select[@id='makes']]
2020-12-27 12:12:100 INFO  NewAndUsedCarSearchPage :45 - Clicking on any model field and select series[[ChromeDriver: chrome on WINDOWS (45a522a45fac81852d61fd022f167270)] -> xpath: //select[@id='models']]
2020-12-27 12:12:301 INFO  NewAndUsedCarSearchPage :52 - Select any location field and select location[[ChromeDriver: chrome on WINDOWS (45a522a45fac81852d61fd022f167270)] -> xpath: //select[@id='locations']]
2020-12-27 12:12:483 INFO  NewAndUsedCarSearchPage :59 - Select price max field and select price[[ChromeDriver: chrome on WINDOWS (45a522a45fac81852d61fd022f167270)] -> xpath: //select[@id='priceTo']]
2020-12-27 12:12:688 INFO  NewAndUsedCarSearchPage :66 - clicking on find my next car button[[ChromeDriver: chrome on WINDOWS (45a522a45fac81852d61fd022f167270)] -> xpath: //input[@id='search-submit']]
2020-12-27 12:12:462 INFO  BasePage :30 - Launching Chrome Browser
2020-12-27 12:12:812 INFO  HomePage :23 - This will mouse on buy sell link[[ChromeDriver: chrome on WINDOWS (8736883359faa5db1748a50638fc28ca)] -> xpath: //a[contains(text(),'buy + sell')]]
2020-12-27 12:12:755 INFO  HomePage :30 - This will click on search cars link[[ChromeDriver: chrome on WINDOWS (8736883359faa5db1748a50638fc28ca)] -> xpath: //a[contains(text(),'Search Cars')]]
2020-12-27 12:12:77 INFO  NewAndUsedCarSearchPage :31 - Verify that user is on new and used car search page [[ChromeDriver: chrome on WINDOWS (8736883359faa5db1748a50638fc28ca)] -> xpath: //h1[contains(text(),'New & Used Car Search - carsguide')]]
2020-12-27 12:12:418 INFO  NewAndUsedCarSearchPage :38 - Clicking on any make field and select BMW[[ChromeDriver: chrome on WINDOWS (8736883359faa5db1748a50638fc28ca)] -> xpath: //select[@id='makes']]
2020-12-27 12:12:624 INFO  NewAndUsedCarSearchPage :45 - Clicking on any model field and select series[[ChromeDriver: chrome on WINDOWS (8736883359faa5db1748a50638fc28ca)] -> xpath: //select[@id='models']]
2020-12-27 12:12:934 INFO  NewAndUsedCarSearchPage :52 - Select any location field and select location[[ChromeDriver: chrome on WINDOWS (8736883359faa5db1748a50638fc28ca)] -> xpath: //select[@id='locations']]
2020-12-27 12:12:106 INFO  NewAndUsedCarSearchPage :59 - Select price max field and select price[[ChromeDriver: chrome on WINDOWS (8736883359faa5db1748a50638fc28ca)] -> xpath: //select[@id='priceTo']]
2020-12-27 12:12:252 INFO  NewAndUsedCarSearchPage :66 - clicking on find my next car button[[ChromeDriver: chrome on WINDOWS (8736883359faa5db1748a50638fc28ca)] -> xpath: //input[@id='search-submit']]
2020-12-27 12:12:949 INFO  BMW1SeriesPage :20 - verify that user is on BMW 1 series page[[ChromeDriver: chrome on WINDOWS (8736883359faa5db1748a50638fc28ca)] -> xpath: //h1[contains(text(),'21 BMW 1 Series for Sale under $30,000 in Sydney, ')]]
2020-12-27 12:12:337 INFO  BasePage :30 - Launching Chrome Browser
2020-12-27 12:12:58 INFO  HomePage :23 - This will mouse on buy sell link[[ChromeDriver: chrome on WINDOWS (c54ea413e581264de528e08ddc4893e1)] -> xpath: //a[contains(text(),'buy + sell')]]
2020-12-27 12:12:647 INFO  HomePage :30 - This will click on search cars link[[ChromeDriver: chrome on WINDOWS (c54ea413e581264de528e08ddc4893e1)] -> xpath: //a[contains(text(),'Search Cars')]]
2020-12-27 12:12:721 INFO  NewAndUsedCarSearchPage :31 - Verify that user is on new and used car search page [[ChromeDriver: chrome on WINDOWS (c54ea413e581264de528e08ddc4893e1)] -> xpath: //h1[contains(text(),'New & Used Car Search - carsguide')]]
2020-12-27 12:12:217 INFO  NewAndUsedCarSearchPage :38 - Clicking on any make field and select BMW[[ChromeDriver: chrome on WINDOWS (c54ea413e581264de528e08ddc4893e1)] -> xpath: //select[@id='makes']]
2020-12-27 12:12:637 INFO  NewAndUsedCarSearchPage :45 - Clicking on any model field and select series[[ChromeDriver: chrome on WINDOWS (c54ea413e581264de528e08ddc4893e1)] -> xpath: //select[@id='models']]
2020-12-27 12:12:808 INFO  NewAndUsedCarSearchPage :52 - Select any location field and select location[[ChromeDriver: chrome on WINDOWS (c54ea413e581264de528e08ddc4893e1)] -> xpath: //select[@id='locations']]
2020-12-27 12:12:964 INFO  NewAndUsedCarSearchPage :59 - Select price max field and select price[[ChromeDriver: chrome on WINDOWS (c54ea413e581264de528e08ddc4893e1)] -> xpath: //select[@id='priceTo']]
2020-12-27 12:12:135 INFO  NewAndUsedCarSearchPage :66 - clicking on find my next car button[[ChromeDriver: chrome on WINDOWS (c54ea413e581264de528e08ddc4893e1)] -> xpath: //input[@id='search-submit']]
2020-12-27 12:12:840 INFO  BMW1SeriesPage :20 - verify that user is on BMW 1 series page[[ChromeDriver: chrome on WINDOWS (c54ea413e581264de528e08ddc4893e1)] -> xpath: //h1[contains(text(),'21 BMW 1 Series for Sale under $30,000 in Sydney, ')]]
2020-12-27 12:12:878 INFO  BasePage :30 - Launching Chrome Browser
2020-12-27 12:12:491 INFO  HomePage :23 - This will mouse on buy sell link[[ChromeDriver: chrome on WINDOWS (c145bd36aa742f9ff2d66eb5add960d0)] -> xpath: //a[contains(text(),'buy + sell')]]
2020-12-27 12:12:452 INFO  HomePage :30 - This will click on search cars link[[ChromeDriver: chrome on WINDOWS (c145bd36aa742f9ff2d66eb5add960d0)] -> xpath: //a[contains(text(),'Search Cars')]]
2020-12-27 12:12:991 INFO  NewAndUsedCarSearchPage :31 - Verify that user is on new and used car search page [[ChromeDriver: chrome on WINDOWS (c145bd36aa742f9ff2d66eb5add960d0)] -> xpath: //h1[contains(text(),'New & Used Car Search - carsguide')]]
2020-12-27 12:12:75 INFO  NewAndUsedCarSearchPage :38 - Clicking on any make field and select BMW[[ChromeDriver: chrome on WINDOWS (c145bd36aa742f9ff2d66eb5add960d0)] -> xpath: //select[@id='makes']]
2020-12-27 12:12:479 INFO  NewAndUsedCarSearchPage :45 - Clicking on any model field and select series[[ChromeDriver: chrome on WINDOWS (c145bd36aa742f9ff2d66eb5add960d0)] -> xpath: //select[@id='models']]
2020-12-27 12:12:639 INFO  NewAndUsedCarSearchPage :52 - Select any location field and select location[[ChromeDriver: chrome on WINDOWS (c145bd36aa742f9ff2d66eb5add960d0)] -> xpath: //select[@id='locations']]
2020-12-27 12:12:790 INFO  NewAndUsedCarSearchPage :59 - Select price max field and select price[[ChromeDriver: chrome on WINDOWS (c145bd36aa742f9ff2d66eb5add960d0)] -> xpath: //select[@id='priceTo']]
2020-12-27 12:12:927 INFO  NewAndUsedCarSearchPage :66 - clicking on find my next car button[[ChromeDriver: chrome on WINDOWS (c145bd36aa742f9ff2d66eb5add960d0)] -> xpath: //input[@id='search-submit']]
2020-12-27 12:12:627 INFO  BMW1SeriesPage :20 - verify that user is on BMW 1 series page[[ChromeDriver: chrome on WINDOWS (c145bd36aa742f9ff2d66eb5add960d0)] -> xpath: //h1[contains(text(),'21 BMW 1 Series for Sale under $30,000 in Sydney, ')]]
2020-12-27 12:12:248 INFO  BasePage :30 - Launching Chrome Browser
2020-12-27 12:12:846 INFO  HomePage :23 - This will mouse on buy sell link[[ChromeDriver: chrome on WINDOWS (22f02e5b6b0ea1b3aaea876e5ad7f737)] -> xpath: //a[contains(text(),'buy + sell')]]
2020-12-27 12:12:860 INFO  HomePage :30 - This will click on search cars link[[ChromeDriver: chrome on WINDOWS (22f02e5b6b0ea1b3aaea876e5ad7f737)] -> xpath: //a[contains(text(),'Search Cars')]]
2020-12-27 12:12:556 INFO  NewAndUsedCarSearchPage :31 - Verify that user is on new and used car search page [[ChromeDriver: chrome on WINDOWS (22f02e5b6b0ea1b3aaea876e5ad7f737)] -> xpath: //h1[contains(text(),'New & Used Car Search - carsguide')]]
2020-12-27 12:12:878 INFO  NewAndUsedCarSearchPage :38 - Clicking on any make field and select BMW[[ChromeDriver: chrome on WINDOWS (22f02e5b6b0ea1b3aaea876e5ad7f737)] -> xpath: //select[@id='makes']]
2020-12-27 12:12:98 INFO  NewAndUsedCarSearchPage :45 - Clicking on any model field and select series[[ChromeDriver: chrome on WINDOWS (22f02e5b6b0ea1b3aaea876e5ad7f737)] -> xpath: //select[@id='models']]
2020-12-27 12:12:300 INFO  NewAndUsedCarSearchPage :52 - Select any location field and select location[[ChromeDriver: chrome on WINDOWS (22f02e5b6b0ea1b3aaea876e5ad7f737)] -> xpath: //select[@id='locations']]
2020-12-27 12:12:479 INFO  NewAndUsedCarSearchPage :59 - Select price max field and select price[[ChromeDriver: chrome on WINDOWS (22f02e5b6b0ea1b3aaea876e5ad7f737)] -> xpath: //select[@id='priceTo']]
2020-12-27 12:12:638 INFO  NewAndUsedCarSearchPage :66 - clicking on find my next car button[[ChromeDriver: chrome on WINDOWS (22f02e5b6b0ea1b3aaea876e5ad7f737)] -> xpath: //input[@id='search-submit']]
2020-12-27 12:12:437 INFO  BMW1SeriesPage :20 - verify that user is on BMW 1 series page[[ChromeDriver: chrome on WINDOWS (22f02e5b6b0ea1b3aaea876e5ad7f737)] -> xpath: //h1[contains(text(),'21 BMW 1 Series for Sale under $30,000 in Sydney, ')]]
2020-12-27 12:12:158 INFO  BasePage :30 - Launching Chrome Browser
2020-12-27 12:12:730 INFO  HomePage :23 - This will mouse on buy sell link[[ChromeDriver: chrome on WINDOWS (5b0edd859972e339f4978d57fd3014fd)] -> xpath: //a[contains(text(),'buy + sell')]]
2020-12-27 12:12:842 INFO  HomePage :30 - This will click on search cars link[[ChromeDriver: chrome on WINDOWS (5b0edd859972e339f4978d57fd3014fd)] -> xpath: //a[contains(text(),'Search Cars')]]
2020-12-27 13:12:398 INFO  NewAndUsedCarSearchPage :31 - Verify that user is on new and used car search page [[ChromeDriver: chrome on WINDOWS (5b0edd859972e339f4978d57fd3014fd)] -> xpath: //h1[contains(text(),'New & Used Car Search - carsguide')]]
2020-12-27 13:12:491 INFO  NewAndUsedCarSearchPage :38 - Clicking on any make field and select BMW[[ChromeDriver: chrome on WINDOWS (5b0edd859972e339f4978d57fd3014fd)] -> xpath: //select[@id='makes']]
2020-12-27 13:12:760 INFO  NewAndUsedCarSearchPage :45 - Clicking on any model field and select series[[ChromeDriver: chrome on WINDOWS (5b0edd859972e339f4978d57fd3014fd)] -> xpath: //select[@id='models']]
2020-12-27 13:12:03 INFO  NewAndUsedCarSearchPage :52 - Select any location field and select location[[ChromeDriver: chrome on WINDOWS (5b0edd859972e339f4978d57fd3014fd)] -> xpath: //select[@id='locations']]
2020-12-27 13:12:205 INFO  NewAndUsedCarSearchPage :59 - Select price max field and select price[[ChromeDriver: chrome on WINDOWS (5b0edd859972e339f4978d57fd3014fd)] -> xpath: //select[@id='priceTo']]
2020-12-27 13:12:420 INFO  NewAndUsedCarSearchPage :66 - clicking on find my next car button[[ChromeDriver: chrome on WINDOWS (5b0edd859972e339f4978d57fd3014fd)] -> xpath: //input[@id='search-submit']]
2020-12-27 13:12:854 INFO  BMW1SeriesPage :20 - verify that user is on BMW 1 series page[[ChromeDriver: chrome on WINDOWS (5b0edd859972e339f4978d57fd3014fd)] -> xpath: //h1[contains(text(),'21 BMW 1 Series for Sale under $30,000 in Sydney, ')]]
2020-12-27 13:12:403 INFO  BasePage :30 - Launching Chrome Browser
2020-12-27 13:12:284 INFO  HomePage :25 - This will mouse on buy sell link[[ChromeDriver: chrome on WINDOWS (a317359509d376f2c4f6238cea39f89e)] -> xpath: //a[contains(text(),'buy + sell')]]
2020-12-27 13:12:292 INFO  HomePage :38 - This will click on used search cars link[[ChromeDriver: chrome on WINDOWS (a317359509d376f2c4f6238cea39f89e)] -> xpath: //*[@id="u_H"]/div/div[1]/ul/li[1]//div[1]/ul/li[2]/a]
2020-12-27 13:12:834 INFO  BasePage :30 - Launching Chrome Browser
2020-12-27 13:12:863 INFO  HomePage :25 - This will mouse on buy sell link[[ChromeDriver: chrome on WINDOWS (9509fdbd0a47883a98b54e333ff741c0)] -> xpath: //a[contains(text(),'buy + sell')]]
2020-12-27 13:12:78 INFO  HomePage :38 - This will click on used search cars link[[ChromeDriver: chrome on WINDOWS (9509fdbd0a47883a98b54e333ff741c0)] -> xpath: //*[@id="u_H"]/div/div[1]/ul/li[1]//div[1]/ul/li[2]/a]
2020-12-27 13:12:490 INFO  BasePage :30 - Launching Chrome Browser
2020-12-27 13:12:451 INFO  HomePage :25 - This will mouse on buy sell link[[ChromeDriver: chrome on WINDOWS (4dc2a28fe5c2b93c5eea2fdb3c5128aa)] -> xpath: //a[contains(text(),'buy + sell')]]
2020-12-27 13:12:477 INFO  HomePage :38 - This will click on used search cars link[[ChromeDriver: chrome on WINDOWS (4dc2a28fe5c2b93c5eea2fdb3c5128aa)] -> xpath: //*[@id="u_H"]/div/div[1]/ul/li[1]//div[1]/ul/li[2]/a]
2020-12-27 13:12:792 INFO  NewAndUsedCarSearchPage :38 - Clicking on any make field and select BMW[[ChromeDriver: chrome on WINDOWS (4dc2a28fe5c2b93c5eea2fdb3c5128aa)] -> xpath: //select[@id='makes']]
2020-12-27 13:12:961 INFO  BasePage :30 - Launching Chrome Browser
2020-12-27 13:12:948 INFO  HomePage :25 - This will mouse on buy sell link[[ChromeDriver: chrome on WINDOWS (35012282fd29d5fcaa33e2e4844285c9)] -> xpath: //a[contains(text(),'buy + sell')]]
2020-12-27 13:12:843 INFO  HomePage :38 - This will click on used search cars link[[ChromeDriver: chrome on WINDOWS (35012282fd29d5fcaa33e2e4844285c9)] -> xpath: //*[@id="u_H"]/div/div[1]/ul/li[1]//div[1]/ul/li[2]/a]
2020-12-27 13:12:903 INFO  NewAndUsedCarSearchPage :38 - Clicking on any make field and select BMW[[ChromeDriver: chrome on WINDOWS (35012282fd29d5fcaa33e2e4844285c9)] -> xpath: //select[@id='makes']]
2020-12-27 13:12:597 INFO  NewAndUsedCarSearchPage :45 - Clicking on any model field and select series[[ChromeDriver: chrome on WINDOWS (35012282fd29d5fcaa33e2e4844285c9)] -> xpath: //select[@id='models']]
2020-12-27 13:12:991 INFO  NewAndUsedCarSearchPage :52 - Select any location field and select location[[ChromeDriver: chrome on WINDOWS (35012282fd29d5fcaa33e2e4844285c9)] -> xpath: //select[@id='locations']]
2020-12-27 13:12:242 INFO  NewAndUsedCarSearchPage :59 - Select price max field and select price[[ChromeDriver: chrome on WINDOWS (35012282fd29d5fcaa33e2e4844285c9)] -> xpath: //select[@id='priceTo']]
2020-12-27 13:12:204 INFO  BasePage :30 - Launching Chrome Browser
2020-12-27 13:12:726 INFO  HomePage :25 - This will mouse on buy sell link[[ChromeDriver: chrome on WINDOWS (2e4c6222c1498f966295ed107bc83cfa)] -> xpath: //a[contains(text(),'buy + sell')]]
2020-12-27 13:12:279 INFO  HomePage :38 - This will click on used search cars link[[ChromeDriver: chrome on WINDOWS (2e4c6222c1498f966295ed107bc83cfa)] -> xpath: //*[@id="u_H"]/div/div[1]/ul/li[1]//div[1]/ul/li[2]/a]
2020-12-27 13:12:78 INFO  NewAndUsedCarSearchPage :38 - Clicking on any make field and select BMW[[ChromeDriver: chrome on WINDOWS (2e4c6222c1498f966295ed107bc83cfa)] -> xpath: //select[@id='makes']]
2020-12-27 13:12:482 INFO  NewAndUsedCarSearchPage :45 - Clicking on any model field and select series[[ChromeDriver: chrome on WINDOWS (2e4c6222c1498f966295ed107bc83cfa)] -> xpath: //select[@id='models']]
2020-12-27 13:12:863 INFO  NewAndUsedCarSearchPage :52 - Select any location field and select location[[ChromeDriver: chrome on WINDOWS (2e4c6222c1498f966295ed107bc83cfa)] -> xpath: //select[@id='locations']]
2020-12-27 13:12:49 INFO  NewAndUsedCarSearchPage :59 - Select price max field and select price[[ChromeDriver: chrome on WINDOWS (2e4c6222c1498f966295ed107bc83cfa)] -> xpath: //select[@id='priceTo']]
2020-12-27 13:12:280 INFO  NewAndUsedCarSearchPage :66 - clicking on find my next car button[[ChromeDriver: chrome on WINDOWS (2e4c6222c1498f966295ed107bc83cfa)] -> xpath: //input[@id='search-submit']]
2020-12-27 13:12:819 INFO  BasePage :30 - Launching Chrome Browser
2020-12-27 13:12:90 INFO  HomePage :25 - This will mouse on buy sell link[[ChromeDriver: chrome on WINDOWS (4a1b9d127fa4531409ef03aac032ee58)] -> xpath: //a[contains(text(),'buy + sell')]]
2020-12-27 13:12:293 INFO  HomePage :38 - This will click on used search cars link[[ChromeDriver: chrome on WINDOWS (4a1b9d127fa4531409ef03aac032ee58)] -> xpath: //*[@id="u_H"]/div/div[1]/ul/li[1]//div[1]/ul/li[2]/a]
2020-12-27 13:12:133 INFO  UsedCarSearchPage :22 - verify that used is on used cars page[[ChromeDriver: chrome on WINDOWS (4a1b9d127fa4531409ef03aac032ee58)] -> xpath: //h1[contains(text(),'Used Cars For Sale')]]
2020-12-27 13:12:655 INFO  BasePage :30 - Launching Chrome Browser
2020-12-27 13:12:377 INFO  HomePage :25 - This will mouse on buy sell link[[ChromeDriver: chrome on WINDOWS (9131456f273a40bae1993adcb151fbf8)] -> xpath: //a[contains(text(),'buy + sell')]]
2020-12-27 13:12:60 INFO  HomePage :38 - This will click on used search cars link[[ChromeDriver: chrome on WINDOWS (9131456f273a40bae1993adcb151fbf8)] -> xpath: //*[@id="u_H"]/div/div[1]/ul/li[1]//div[1]/ul/li[2]/a]
2020-12-27 13:12:60 INFO  UsedCarSearchPage :22 - verify that used is on used cars page[[ChromeDriver: chrome on WINDOWS (9131456f273a40bae1993adcb151fbf8)] -> xpath: //h1[contains(text(),'Used Cars For Sale')]]
2020-12-27 13:12:386 INFO  NewAndUsedCarSearchPage :38 - Clicking on any make field and select BMW[[ChromeDriver: chrome on WINDOWS (9131456f273a40bae1993adcb151fbf8)] -> xpath: //select[@id='makes']]
2020-12-27 13:12:647 INFO  NewAndUsedCarSearchPage :45 - Clicking on any model field and select series[[ChromeDriver: chrome on WINDOWS (9131456f273a40bae1993adcb151fbf8)] -> xpath: //select[@id='models']]
2020-12-27 13:12:883 INFO  NewAndUsedCarSearchPage :52 - Select any location field and select location[[ChromeDriver: chrome on WINDOWS (9131456f273a40bae1993adcb151fbf8)] -> xpath: //select[@id='locations']]
2020-12-27 13:12:76 INFO  NewAndUsedCarSearchPage :59 - Select price max field and select price[[ChromeDriver: chrome on WINDOWS (9131456f273a40bae1993adcb151fbf8)] -> xpath: //select[@id='priceTo']]
2020-12-27 13:12:276 INFO  NewAndUsedCarSearchPage :66 - clicking on find my next car button[[ChromeDriver: chrome on WINDOWS (9131456f273a40bae1993adcb151fbf8)] -> xpath: //input[@id='search-submit']]
2020-12-27 13:12:778 INFO  BasePage :30 - Launching Chrome Browser
2020-12-27 13:12:206 INFO  HomePage :25 - This will mouse on buy sell link[[ChromeDriver: chrome on WINDOWS (fbee029c0d3699a15689f3d1e5d8a80a)] -> xpath: //a[contains(text(),'buy + sell')]]
2020-12-27 13:12:812 INFO  HomePage :38 - This will click on used search cars link[[ChromeDriver: chrome on WINDOWS (fbee029c0d3699a15689f3d1e5d8a80a)] -> xpath: //*[@id="u_H"]/div/div[1]/ul/li[1]//div[1]/ul/li[2]/a]
2020-12-27 13:12:856 INFO  UsedCarSearchPage :22 - verify that used is on used cars page[[ChromeDriver: chrome on WINDOWS (fbee029c0d3699a15689f3d1e5d8a80a)] -> xpath: //h1[contains(text(),'Used Cars For Sale')]]
2020-12-27 13:12:109 INFO  NewAndUsedCarSearchPage :38 - Clicking on any make field and select BMW[[ChromeDriver: chrome on WINDOWS (fbee029c0d3699a15689f3d1e5d8a80a)] -> xpath: //select[@id='makes']]
2020-12-27 13:12:840 INFO  NewAndUsedCarSearchPage :45 - Clicking on any model field and select series[[ChromeDriver: chrome on WINDOWS (fbee029c0d3699a15689f3d1e5d8a80a)] -> xpath: //select[@id='models']]
2020-12-27 13:12:49 INFO  NewAndUsedCarSearchPage :52 - Select any location field and select location[[ChromeDriver: chrome on WINDOWS (fbee029c0d3699a15689f3d1e5d8a80a)] -> xpath: //select[@id='locations']]
2020-12-27 13:12:251 INFO  NewAndUsedCarSearchPage :59 - Select price max field and select price[[ChromeDriver: chrome on WINDOWS (fbee029c0d3699a15689f3d1e5d8a80a)] -> xpath: //select[@id='priceTo']]
2020-12-27 13:12:478 INFO  NewAndUsedCarSearchPage :66 - clicking on find my next car button[[ChromeDriver: chrome on WINDOWS (fbee029c0d3699a15689f3d1e5d8a80a)] -> xpath: //input[@id='search-submit']]
2020-12-27 13:12:351 INFO  AudiA4Page :21 - Verify user navigate to Audi A4 pageProxy element for: DefaultElementLocator 'By.xpath: //h1[contains(text(),'24 Used Audis for Sale under $20,000 in SA')]'
2020-12-27 13:12:836 INFO  BasePage :30 - Launching Chrome Browser
2020-12-27 13:12:244 INFO  HomePage :25 - This will mouse on buy sell link[[ChromeDriver: chrome on WINDOWS (b16dbb7e13cc36e91a6e756dfbe3c24c)] -> xpath: //a[contains(text(),'buy + sell')]]
2020-12-27 13:12:720 INFO  HomePage :38 - This will click on used search cars link[[ChromeDriver: chrome on WINDOWS (b16dbb7e13cc36e91a6e756dfbe3c24c)] -> xpath: //*[@id="u_H"]/div/div[1]/ul/li[1]//div[1]/ul/li[2]/a]
2020-12-27 13:12:30 INFO  UsedCarSearchPage :22 - verify that used is on used cars page[[ChromeDriver: chrome on WINDOWS (b16dbb7e13cc36e91a6e756dfbe3c24c)] -> xpath: //h1[contains(text(),'Used Cars For Sale')]]
2020-12-27 13:12:91 INFO  NewAndUsedCarSearchPage :38 - Clicking on any make field and select BMW[[ChromeDriver: chrome on WINDOWS (b16dbb7e13cc36e91a6e756dfbe3c24c)] -> xpath: //select[@id='makes']]
2020-12-27 13:12:389 INFO  NewAndUsedCarSearchPage :45 - Clicking on any model field and select series[[ChromeDriver: chrome on WINDOWS (b16dbb7e13cc36e91a6e756dfbe3c24c)] -> xpath: //select[@id='models']]
2020-12-27 13:12:566 INFO  NewAndUsedCarSearchPage :52 - Select any location field and select location[[ChromeDriver: chrome on WINDOWS (b16dbb7e13cc36e91a6e756dfbe3c24c)] -> xpath: //select[@id='locations']]
2020-12-27 13:12:750 INFO  NewAndUsedCarSearchPage :59 - Select price max field and select price[[ChromeDriver: chrome on WINDOWS (b16dbb7e13cc36e91a6e756dfbe3c24c)] -> xpath: //select[@id='priceTo']]
2020-12-27 13:12:926 INFO  NewAndUsedCarSearchPage :66 - clicking on find my next car button[[ChromeDriver: chrome on WINDOWS (b16dbb7e13cc36e91a6e756dfbe3c24c)] -> xpath: //input[@id='search-submit']]
2020-12-27 13:12:342 INFO  AudiA4Page :21 - Verify user navigate to Audi A4 pageProxy element for: DefaultElementLocator 'By.xpath: h1[contains(text(),'10 Used Audi A4s for Sale under $20,000 in SA')]'
2020-12-27 14:12:627 INFO  BasePage :30 - Launching Chrome Browser
2020-12-27 14:12:527 INFO  HomePage :25 - This will mouse on buy sell link[[ChromeDriver: chrome on WINDOWS (41947b9ea363281853d2b9de843b7dcb)] -> xpath: //a[contains(text(),'buy + sell')]]
2020-12-27 14:12:262 INFO  HomePage :38 - This will click on used search cars link[[ChromeDriver: chrome on WINDOWS (41947b9ea363281853d2b9de843b7dcb)] -> xpath: //*[@id="u_H"]/div/div[1]/ul/li[1]//div[1]/ul/li[2]/a]
2020-12-27 14:12:318 INFO  UsedCarSearchPage :22 - verify that used is on used cars page[[ChromeDriver: chrome on WINDOWS (41947b9ea363281853d2b9de843b7dcb)] -> xpath: //h1[contains(text(),'Used Cars For Sale')]]
2020-12-27 14:12:562 INFO  NewAndUsedCarSearchPage :38 - Clicking on any make field and select BMW[[ChromeDriver: chrome on WINDOWS (41947b9ea363281853d2b9de843b7dcb)] -> xpath: //select[@id='makes']]
2020-12-27 14:12:79 INFO  NewAndUsedCarSearchPage :45 - Clicking on any model field and select series[[ChromeDriver: chrome on WINDOWS (41947b9ea363281853d2b9de843b7dcb)] -> xpath: //select[@id='models']]
2020-12-27 14:12:319 INFO  NewAndUsedCarSearchPage :52 - Select any location field and select location[[ChromeDriver: chrome on WINDOWS (41947b9ea363281853d2b9de843b7dcb)] -> xpath: //select[@id='locations']]
2020-12-27 14:12:582 INFO  NewAndUsedCarSearchPage :59 - Select price max field and select price[[ChromeDriver: chrome on WINDOWS (41947b9ea363281853d2b9de843b7dcb)] -> xpath: //select[@id='priceTo']]
2020-12-27 14:12:913 INFO  NewAndUsedCarSearchPage :66 - clicking on find my next car button[[ChromeDriver: chrome on WINDOWS (41947b9ea363281853d2b9de843b7dcb)] -> xpath: //input[@id='search-submit']]
2020-12-27 14:12:616 INFO  AudiA4Page :21 - Verify user navigate to Audi A4 pageProxy element for: DefaultElementLocator 'By.xpath: h1[contains(text(),'10 Used Audi A4s for Sale under $20,000 in SA')]'
2020-12-27 14:12:410 INFO  BasePage :30 - Launching Chrome Browser
2020-12-27 14:12:681 INFO  HomePage :25 - This will mouse on buy sell link[[ChromeDriver: chrome on WINDOWS (332c4d61f99a3bacdaf3e87ff9d641e5)] -> xpath: //a[contains(text(),'buy + sell')]]
2020-12-27 14:12:889 INFO  HomePage :38 - This will click on used search cars link[[ChromeDriver: chrome on WINDOWS (332c4d61f99a3bacdaf3e87ff9d641e5)] -> xpath: //*[@id="u_H"]/div/div[1]/ul/li[1]//div[1]/ul/li[2]/a]
2020-12-27 14:12:60 INFO  UsedCarSearchPage :22 - verify that used is on used cars page[[ChromeDriver: chrome on WINDOWS (332c4d61f99a3bacdaf3e87ff9d641e5)] -> xpath: //h1[contains(text(),'Used Cars For Sale')]]
2020-12-27 14:12:127 INFO  NewAndUsedCarSearchPage :38 - Clicking on any make field and select BMW[[ChromeDriver: chrome on WINDOWS (332c4d61f99a3bacdaf3e87ff9d641e5)] -> xpath: //select[@id='makes']]
2020-12-27 14:12:413 INFO  NewAndUsedCarSearchPage :45 - Clicking on any model field and select series[[ChromeDriver: chrome on WINDOWS (332c4d61f99a3bacdaf3e87ff9d641e5)] -> xpath: //select[@id='models']]
2020-12-27 14:12:823 INFO  NewAndUsedCarSearchPage :52 - Select any location field and select location[[ChromeDriver: chrome on WINDOWS (332c4d61f99a3bacdaf3e87ff9d641e5)] -> xpath: //select[@id='locations']]
2020-12-27 14:12:05 INFO  NewAndUsedCarSearchPage :59 - Select price max field and select price[[ChromeDriver: chrome on WINDOWS (332c4d61f99a3bacdaf3e87ff9d641e5)] -> xpath: //select[@id='priceTo']]
2020-12-27 14:12:234 INFO  NewAndUsedCarSearchPage :66 - clicking on find my next car button[[ChromeDriver: chrome on WINDOWS (332c4d61f99a3bacdaf3e87ff9d641e5)] -> xpath: //input[@id='search-submit']]
2020-12-27 14:12:866 INFO  AudiA4Page :21 - Verify user navigate to Audi A4 page[[ChromeDriver: chrome on WINDOWS (332c4d61f99a3bacdaf3e87ff9d641e5)] -> xpath: //*[@id="all-tab-content"]/div/div[3]/h1]
2020-12-27 19:12:956 INFO  BasePage :30 - Launching Chrome Browser
2020-12-27 19:12:926 INFO  HomePage :25 - This will mouse on buy sell link[[ChromeDriver: chrome on WINDOWS (b46f25fe863da39c090ba320b8bd5f1a)] -> xpath: //a[contains(text(),'buy + sell')]]
2020-12-27 19:12:508 INFO  HomePage :32 - This will click on search cars link[[ChromeDriver: chrome on WINDOWS (b46f25fe863da39c090ba320b8bd5f1a)] -> xpath: //a[contains(text(),'Search Cars')]]
2020-12-27 19:12:391 INFO  NewAndUsedCarSearchPage :31 - Verify that user is on new and used car search page [[ChromeDriver: chrome on WINDOWS (b46f25fe863da39c090ba320b8bd5f1a)] -> xpath: //h1[contains(text(),'New & Used Car Search - carsguide')]]
2020-12-27 19:12:653 INFO  NewAndUsedCarSearchPage :38 - Clicking on any make field and select BMW[[ChromeDriver: chrome on WINDOWS (b46f25fe863da39c090ba320b8bd5f1a)] -> xpath: //select[@id='makes']]
2020-12-27 19:12:96 INFO  NewAndUsedCarSearchPage :45 - Clicking on any model field and select series[[ChromeDriver: chrome on WINDOWS (b46f25fe863da39c090ba320b8bd5f1a)] -> xpath: //select[@id='models']]
2020-12-27 19:12:327 INFO  NewAndUsedCarSearchPage :52 - Select any location field and select location[[ChromeDriver: chrome on WINDOWS (b46f25fe863da39c090ba320b8bd5f1a)] -> xpath: //select[@id='locations']]
2020-12-27 19:12:483 INFO  NewAndUsedCarSearchPage :59 - Select price max field and select price[[ChromeDriver: chrome on WINDOWS (b46f25fe863da39c090ba320b8bd5f1a)] -> xpath: //select[@id='priceTo']]
2020-12-27 19:12:632 INFO  NewAndUsedCarSearchPage :66 - clicking on find my next car button[[ChromeDriver: chrome on WINDOWS (b46f25fe863da39c090ba320b8bd5f1a)] -> xpath: //input[@id='search-submit']]
2020-12-27 19:12:514 INFO  BMW1SeriesPage :20 - verify that user is on BMW 1 series page[[ChromeDriver: chrome on WINDOWS (b46f25fe863da39c090ba320b8bd5f1a)] -> xpath: //h1[contains(text(),'21 BMW 1 Series for Sale under $30,000 in Sydney, ')]]
2020-12-27 19:12:480 INFO  BasePage :30 - Launching Chrome Browser
2020-12-27 19:12:911 INFO  HomePage :25 - This will mouse on buy sell link[[ChromeDriver: chrome on WINDOWS (5adccfb82649aef3458f70c8fef8b62b)] -> xpath: //a[contains(text(),'buy + sell')]]
2020-12-27 19:12:975 INFO  HomePage :38 - This will click on used search cars link[[ChromeDriver: chrome on WINDOWS (5adccfb82649aef3458f70c8fef8b62b)] -> xpath: //*[@id="u_H"]/div/div[1]/ul/li[1]//div[1]/ul/li[2]/a]
2020-12-27 19:12:971 INFO  UsedCarSearchPage :22 - verify that used is on used cars page[[ChromeDriver: chrome on WINDOWS (5adccfb82649aef3458f70c8fef8b62b)] -> xpath: //h1[contains(text(),'Used Cars For Sale')]]
2020-12-27 19:12:201 INFO  NewAndUsedCarSearchPage :38 - Clicking on any make field and select BMW[[ChromeDriver: chrome on WINDOWS (5adccfb82649aef3458f70c8fef8b62b)] -> xpath: //select[@id='makes']]
2020-12-27 19:12:696 INFO  NewAndUsedCarSearchPage :45 - Clicking on any model field and select series[[ChromeDriver: chrome on WINDOWS (5adccfb82649aef3458f70c8fef8b62b)] -> xpath: //select[@id='models']]
2020-12-27 19:12:825 INFO  NewAndUsedCarSearchPage :52 - Select any location field and select location[[ChromeDriver: chrome on WINDOWS (5adccfb82649aef3458f70c8fef8b62b)] -> xpath: //select[@id='locations']]
2020-12-27 19:12:991 INFO  NewAndUsedCarSearchPage :59 - Select price max field and select price[[ChromeDriver: chrome on WINDOWS (5adccfb82649aef3458f70c8fef8b62b)] -> xpath: //select[@id='priceTo']]
2020-12-27 19:12:181 INFO  NewAndUsedCarSearchPage :66 - clicking on find my next car button[[ChromeDriver: chrome on WINDOWS (5adccfb82649aef3458f70c8fef8b62b)] -> xpath: //input[@id='search-submit']]
2020-12-27 19:12:766 INFO  AudiA4Page :21 - Verify user navigate to Audi A4 page[[ChromeDriver: chrome on WINDOWS (5adccfb82649aef3458f70c8fef8b62b)] -> xpath: //*[@id="all-tab-content"]/div/div[3]/h1]
2020-12-27 19:12:612 INFO  BasePage :30 - Launching Chrome Browser
2020-12-27 19:12:54 INFO  HomePage :25 - This will mouse on buy sell link[[ChromeDriver: chrome on WINDOWS (24e101f013fd44bed10b374df337deee)] -> xpath: //a[contains(text(),'buy + sell')]]
2020-12-27 19:12:109 INFO  HomePage :38 - This will click on used search cars link[[ChromeDriver: chrome on WINDOWS (24e101f013fd44bed10b374df337deee)] -> xpath: //*[@id="u_H"]/div/div[1]/ul/li[1]//div[1]/ul/li[2]/a]
2020-12-27 19:12:856 INFO  UsedCarSearchPage :22 - verify that used is on used cars page[[ChromeDriver: chrome on WINDOWS (24e101f013fd44bed10b374df337deee)] -> xpath: //h1[contains(text(),'Used Cars For Sale')]]
2020-12-27 19:12:501 INFO  NewAndUsedCarSearchPage :38 - Clicking on any make field and select BMW[[ChromeDriver: chrome on WINDOWS (24e101f013fd44bed10b374df337deee)] -> xpath: //select[@id='makes']]
2020-12-27 19:12:984 INFO  NewAndUsedCarSearchPage :45 - Clicking on any model field and select series[[ChromeDriver: chrome on WINDOWS (24e101f013fd44bed10b374df337deee)] -> xpath: //select[@id='models']]
2020-12-27 19:12:105 INFO  NewAndUsedCarSearchPage :52 - Select any location field and select location[[ChromeDriver: chrome on WINDOWS (24e101f013fd44bed10b374df337deee)] -> xpath: //select[@id='locations']]
2020-12-27 19:12:242 INFO  NewAndUsedCarSearchPage :59 - Select price max field and select price[[ChromeDriver: chrome on WINDOWS (24e101f013fd44bed10b374df337deee)] -> xpath: //select[@id='priceTo']]
2020-12-27 19:12:363 INFO  NewAndUsedCarSearchPage :66 - clicking on find my next car button[[ChromeDriver: chrome on WINDOWS (24e101f013fd44bed10b374df337deee)] -> xpath: //input[@id='search-submit']]
2020-12-27 19:12:170 INFO  AudiA4Page :21 - Verify user navigate to Audi A4 page[[ChromeDriver: chrome on WINDOWS (24e101f013fd44bed10b374df337deee)] -> xpath: //*[@id="all-tab-content"]/div/div[3]/h1]
2020-12-27 19:12:412 INFO  BasePage :30 - Launching Chrome Browser
2020-12-27 19:12:985 INFO  HomePage :25 - This will mouse on buy sell link[[ChromeDriver: chrome on WINDOWS (88e0a3781ebec749feca4e1d9d5bb431)] -> xpath: //a[contains(text(),'buy + sell')]]
2020-12-27 19:12:721 INFO  HomePage :32 - This will click on search cars link[[ChromeDriver: chrome on WINDOWS (88e0a3781ebec749feca4e1d9d5bb431)] -> xpath: //a[contains(text(),'Search Cars')]]
2020-12-27 19:12:195 INFO  NewAndUsedCarSearchPage :31 - Verify that user is on new and used car search page [[ChromeDriver: chrome on WINDOWS (88e0a3781ebec749feca4e1d9d5bb431)] -> xpath: //h1[contains(text(),'New & Used Car Search - carsguide')]]
2020-12-27 19:12:252 INFO  NewAndUsedCarSearchPage :38 - Clicking on any make field and select BMW[[ChromeDriver: chrome on WINDOWS (88e0a3781ebec749feca4e1d9d5bb431)] -> xpath: //select[@id='makes']]
2020-12-27 19:12:643 INFO  NewAndUsedCarSearchPage :45 - Clicking on any model field and select series[[ChromeDriver: chrome on WINDOWS (88e0a3781ebec749feca4e1d9d5bb431)] -> xpath: //select[@id='models']]
2020-12-27 19:12:884 INFO  NewAndUsedCarSearchPage :52 - Select any location field and select location[[ChromeDriver: chrome on WINDOWS (88e0a3781ebec749feca4e1d9d5bb431)] -> xpath: //select[@id='locations']]
2020-12-27 19:12:03 INFO  NewAndUsedCarSearchPage :59 - Select price max field and select price[[ChromeDriver: chrome on WINDOWS (88e0a3781ebec749feca4e1d9d5bb431)] -> xpath: //select[@id='priceTo']]
2020-12-27 19:12:118 INFO  NewAndUsedCarSearchPage :66 - clicking on find my next car button[[ChromeDriver: chrome on WINDOWS (88e0a3781ebec749feca4e1d9d5bb431)] -> xpath: //input[@id='search-submit']]
2020-12-27 19:12:978 INFO  BMW1SeriesPage :20 - verify that user is on BMW 1 series page[[ChromeDriver: chrome on WINDOWS (88e0a3781ebec749feca4e1d9d5bb431)] -> xpath: //h1[contains(text(),'21 BMW 1 Series for Sale under $30,000 in Sydney, ')]]
2020-12-27 19:12:101 INFO  BasePage :30 - Launching Chrome Browser
2020-12-27 19:12:549 INFO  HomePage :25 - This will mouse on buy sell link[[ChromeDriver: chrome on WINDOWS (58d963b766277a06cbb074d0a2132604)] -> xpath: //a[contains(text(),'buy + sell')]]
2020-12-27 19:12:821 INFO  HomePage :38 - This will click on used search cars link[[ChromeDriver: chrome on WINDOWS (58d963b766277a06cbb074d0a2132604)] -> xpath: //*[@id="u_H"]/div/div[1]/ul/li[1]//div[1]/ul/li[2]/a]
2020-12-27 19:12:666 INFO  UsedCarSearchPage :22 - verify that used is on used cars page[[ChromeDriver: chrome on WINDOWS (58d963b766277a06cbb074d0a2132604)] -> xpath: //h1[contains(text(),'Used Cars For Sale')]]
2020-12-27 19:12:718 INFO  NewAndUsedCarSearchPage :38 - Clicking on any make field and select BMW[[ChromeDriver: chrome on WINDOWS (58d963b766277a06cbb074d0a2132604)] -> xpath: //select[@id='makes']]
2020-12-27 19:12:15 INFO  NewAndUsedCarSearchPage :45 - Clicking on any model field and select series[[ChromeDriver: chrome on WINDOWS (58d963b766277a06cbb074d0a2132604)] -> xpath: //select[@id='models']]
2020-12-27 19:12:152 INFO  NewAndUsedCarSearchPage :52 - Select any location field and select location[[ChromeDriver: chrome on WINDOWS (58d963b766277a06cbb074d0a2132604)] -> xpath: //select[@id='locations']]
2020-12-27 19:12:283 INFO  NewAndUsedCarSearchPage :59 - Select price max field and select price[[ChromeDriver: chrome on WINDOWS (58d963b766277a06cbb074d0a2132604)] -> xpath: //select[@id='priceTo']]
2020-12-27 19:12:408 INFO  NewAndUsedCarSearchPage :66 - clicking on find my next car button[[ChromeDriver: chrome on WINDOWS (58d963b766277a06cbb074d0a2132604)] -> xpath: //input[@id='search-submit']]
2020-12-27 19:12:868 INFO  AudiA4Page :21 - Verify user navigate to Audi A4 page[[ChromeDriver: chrome on WINDOWS (58d963b766277a06cbb074d0a2132604)] -> xpath: //*[@id="all-tab-content"]/div/div[3]/h1]
2020-12-27 19:12:151 INFO  BasePage :30 - Launching Chrome Browser
2020-12-27 19:12:245 INFO  HomePage :25 - This will mouse on buy sell link[[ChromeDriver: chrome on WINDOWS (bd08e2be72f6761a7697de5662d86007)] -> xpath: //a[contains(text(),'buy + sell')]]
2020-12-27 19:12:639 INFO  HomePage :38 - This will click on used search cars link[[ChromeDriver: chrome on WINDOWS (bd08e2be72f6761a7697de5662d86007)] -> xpath: //*[@id="u_H"]/div/div[1]/ul/li[1]//div[1]/ul/li[2]/a]
2020-12-27 19:12:968 INFO  UsedCarSearchPage :22 - verify that used is on used cars page[[ChromeDriver: chrome on WINDOWS (bd08e2be72f6761a7697de5662d86007)] -> xpath: //h1[contains(text(),'Used Cars For Sale')]]
2020-12-27 19:12:102 INFO  NewAndUsedCarSearchPage :38 - Clicking on any make field and select BMW[[ChromeDriver: chrome on WINDOWS (bd08e2be72f6761a7697de5662d86007)] -> xpath: //select[@id='makes']]
2020-12-27 19:12:562 INFO  NewAndUsedCarSearchPage :45 - Clicking on any model field and select series[[ChromeDriver: chrome on WINDOWS (bd08e2be72f6761a7697de5662d86007)] -> xpath: //select[@id='models']]
2020-12-27 19:12:733 INFO  NewAndUsedCarSearchPage :52 - Select any location field and select location[[ChromeDriver: chrome on WINDOWS (bd08e2be72f6761a7697de5662d86007)] -> xpath: //select[@id='locations']]
2020-12-27 19:12:887 INFO  NewAndUsedCarSearchPage :59 - Select price max field and select price[[ChromeDriver: chrome on WINDOWS (bd08e2be72f6761a7697de5662d86007)] -> xpath: //select[@id='priceTo']]
2020-12-27 19:12:71 INFO  NewAndUsedCarSearchPage :66 - clicking on find my next car button[[ChromeDriver: chrome on WINDOWS (bd08e2be72f6761a7697de5662d86007)] -> xpath: //input[@id='search-submit']]
2020-12-27 19:12:114 INFO  AudiA4Page :21 - Verify user navigate to Audi A4 page[[ChromeDriver: chrome on WINDOWS (bd08e2be72f6761a7697de5662d86007)] -> xpath: //*[@id="all-tab-content"]/div/div[3]/h1]
2020-12-27 19:12:508 INFO  BasePage :30 - Launching Chrome Browser
2020-12-27 19:12:353 INFO  HomePage :25 - This will mouse on buy sell link[[ChromeDriver: chrome on WINDOWS (bf9555304ac6d370188900256df06e62)] -> xpath: //a[contains(text(),'buy + sell')]]
2020-12-27 19:12:149 INFO  HomePage :38 - This will click on used search cars link[[ChromeDriver: chrome on WINDOWS (bf9555304ac6d370188900256df06e62)] -> xpath: //*[@id="u_H"]/div/div[1]/ul/li[1]//div[1]/ul/li[2]/a]
2020-12-27 19:12:98 INFO  UsedCarSearchPage :22 - verify that used is on used cars page[[ChromeDriver: chrome on WINDOWS (bf9555304ac6d370188900256df06e62)] -> xpath: //h1[contains(text(),'Used Cars For Sale')]]
2020-12-27 19:12:262 INFO  NewAndUsedCarSearchPage :38 - Clicking on any make field and select BMW[[ChromeDriver: chrome on WINDOWS (bf9555304ac6d370188900256df06e62)] -> xpath: //select[@id='makes']]
2020-12-27 19:12:436 INFO  NewAndUsedCarSearchPage :45 - Clicking on any model field and select series[[ChromeDriver: chrome on WINDOWS (bf9555304ac6d370188900256df06e62)] -> xpath: //select[@id='models']]
2020-12-27 19:12:576 INFO  NewAndUsedCarSearchPage :52 - Select any location field and select location[[ChromeDriver: chrome on WINDOWS (bf9555304ac6d370188900256df06e62)] -> xpath: //select[@id='locations']]
2020-12-27 19:12:710 INFO  NewAndUsedCarSearchPage :59 - Select price max field and select price[[ChromeDriver: chrome on WINDOWS (bf9555304ac6d370188900256df06e62)] -> xpath: //select[@id='priceTo']]
2020-12-27 19:12:826 INFO  NewAndUsedCarSearchPage :66 - clicking on find my next car button[[ChromeDriver: chrome on WINDOWS (bf9555304ac6d370188900256df06e62)] -> xpath: //input[@id='search-submit']]
2020-12-27 19:12:765 INFO  AudiA4Page :21 - Verify user navigate to Audi A4 page[[ChromeDriver: chrome on WINDOWS (bf9555304ac6d370188900256df06e62)] -> xpath: //*[@id="all-tab-content"]/div/div[3]/h1]
2020-12-27 19:12:181 INFO  BasePage :30 - Launching Chrome Browser
2020-12-27 19:12:947 INFO  HomePage :25 - This will mouse on buy sell link[[ChromeDriver: chrome on WINDOWS (92f2adea25eb439a1e2300f0cd296f00)] -> xpath: //a[contains(text(),'buy + sell')]]
2020-12-27 19:12:688 INFO  HomePage :38 - This will click on used search cars link[[ChromeDriver: chrome on WINDOWS (92f2adea25eb439a1e2300f0cd296f00)] -> xpath: //*[@id="u_H"]/div/div[1]/ul/li[1]//div[1]/ul/li[2]/a]
2020-12-27 19:12:98 INFO  UsedCarSearchPage :22 - verify that used is on used cars page[[ChromeDriver: chrome on WINDOWS (92f2adea25eb439a1e2300f0cd296f00)] -> xpath: //h1[contains(text(),'Used Cars For Sale')]]
2020-12-27 19:12:147 INFO  NewAndUsedCarSearchPage :38 - Clicking on any make field and select BMW[[ChromeDriver: chrome on WINDOWS (92f2adea25eb439a1e2300f0cd296f00)] -> xpath: //select[@id='makes']]
2020-12-27 19:12:423 INFO  NewAndUsedCarSearchPage :45 - Clicking on any model field and select series[[ChromeDriver: chrome on WINDOWS (92f2adea25eb439a1e2300f0cd296f00)] -> xpath: //select[@id='models']]
2020-12-27 19:12:558 INFO  NewAndUsedCarSearchPage :52 - Select any location field and select location[[ChromeDriver: chrome on WINDOWS (92f2adea25eb439a1e2300f0cd296f00)] -> xpath: //select[@id='locations']]
2020-12-27 19:12:677 INFO  NewAndUsedCarSearchPage :59 - Select price max field and select price[[ChromeDriver: chrome on WINDOWS (92f2adea25eb439a1e2300f0cd296f00)] -> xpath: //select[@id='priceTo']]
2020-12-27 19:12:790 INFO  NewAndUsedCarSearchPage :66 - clicking on find my next car button[[ChromeDriver: chrome on WINDOWS (92f2adea25eb439a1e2300f0cd296f00)] -> xpath: //input[@id='search-submit']]
2020-12-27 19:12:284 INFO  AudiA4Page :21 - Verify user navigate to Audi A4 page[[ChromeDriver: chrome on WINDOWS (92f2adea25eb439a1e2300f0cd296f00)] -> xpath: //*[@id="all-tab-content"]/div/div[3]/h1]
2020-12-28 20:12:864 INFO  BasePage :30 - Launching Chrome Browser
2020-12-28 20:12:437 INFO  HomePage :25 - This will mouse on buy sell link[[ChromeDriver: chrome on WINDOWS (798bbdc00e3d9a2c351e4c5f1a9fc135)] -> xpath: //a[contains(text(),'buy + sell')]]
2020-12-28 20:12:360 INFO  HomePage :32 - This will click on search cars link[[ChromeDriver: chrome on WINDOWS (798bbdc00e3d9a2c351e4c5f1a9fc135)] -> xpath: //a[contains(text(),'Search Cars')]]
2020-12-28 20:12:261 INFO  NewAndUsedCarSearchPage :31 - Verify that user is on new and used car search page [[ChromeDriver: chrome on WINDOWS (798bbdc00e3d9a2c351e4c5f1a9fc135)] -> xpath: //h1[contains(text(),'New & Used Car Search - carsguide')]]
2020-12-28 20:12:337 INFO  NewAndUsedCarSearchPage :38 - Clicking on any make field and select BMW[[ChromeDriver: chrome on WINDOWS (798bbdc00e3d9a2c351e4c5f1a9fc135)] -> xpath: //select[@id='makes']]
2020-12-28 20:12:591 INFO  NewAndUsedCarSearchPage :45 - Clicking on any model field and select series[[ChromeDriver: chrome on WINDOWS (798bbdc00e3d9a2c351e4c5f1a9fc135)] -> xpath: //select[@id='models']]
2020-12-28 20:12:402 INFO  NewAndUsedCarSearchPage :52 - Select any location field and select location[[ChromeDriver: chrome on WINDOWS (798bbdc00e3d9a2c351e4c5f1a9fc135)] -> xpath: //select[@id='locations']]
2020-12-28 20:12:667 INFO  NewAndUsedCarSearchPage :59 - Select price max field and select price[[ChromeDriver: chrome on WINDOWS (798bbdc00e3d9a2c351e4c5f1a9fc135)] -> xpath: //select[@id='priceTo']]
2020-12-28 20:12:904 INFO  NewAndUsedCarSearchPage :66 - clicking on find my next car button[[ChromeDriver: chrome on WINDOWS (798bbdc00e3d9a2c351e4c5f1a9fc135)] -> xpath: //input[@id='search-submit']]
2020-12-28 20:12:414 INFO  BMW1SeriesPage :20 - verify that user is on BMW 1 series pageProxy element for: DefaultElementLocator 'By.xpath: //h1[contains(text(),'21 BMW 1 Series for Sale under $30,000 in Sydney, ')]'
2020-12-28 20:12:320 INFO  BasePage :30 - Launching Chrome Browser
2020-12-28 20:12:394 INFO  HomePage :25 - This will mouse on buy sell link[[ChromeDriver: chrome on WINDOWS (b6a30428c59b1e374d18aed5bddd0884)] -> xpath: //a[contains(text(),'buy + sell')]]
2020-12-28 20:12:35 INFO  HomePage :38 - This will click on used search cars link[[ChromeDriver: chrome on WINDOWS (b6a30428c59b1e374d18aed5bddd0884)] -> xpath: //*[@id="u_H"]/div/div[1]/ul/li[1]//div[1]/ul/li[2]/a]
2020-12-28 20:12:971 INFO  UsedCarSearchPage :22 - verify that used is on used cars page[[ChromeDriver: chrome on WINDOWS (b6a30428c59b1e374d18aed5bddd0884)] -> xpath: //h1[contains(text(),'Used Cars For Sale')]]
2020-12-28 20:12:62 INFO  NewAndUsedCarSearchPage :38 - Clicking on any make field and select BMW[[ChromeDriver: chrome on WINDOWS (b6a30428c59b1e374d18aed5bddd0884)] -> xpath: //select[@id='makes']]
2020-12-28 20:12:328 INFO  NewAndUsedCarSearchPage :45 - Clicking on any model field and select series[[ChromeDriver: chrome on WINDOWS (b6a30428c59b1e374d18aed5bddd0884)] -> xpath: //select[@id='models']]
2020-12-28 20:12:504 INFO  NewAndUsedCarSearchPage :52 - Select any location field and select location[[ChromeDriver: chrome on WINDOWS (b6a30428c59b1e374d18aed5bddd0884)] -> xpath: //select[@id='locations']]
2020-12-28 20:12:669 INFO  NewAndUsedCarSearchPage :59 - Select price max field and select price[[ChromeDriver: chrome on WINDOWS (b6a30428c59b1e374d18aed5bddd0884)] -> xpath: //select[@id='priceTo']]
2020-12-28 20:12:839 INFO  NewAndUsedCarSearchPage :66 - clicking on find my next car button[[ChromeDriver: chrome on WINDOWS (b6a30428c59b1e374d18aed5bddd0884)] -> xpath: //input[@id='search-submit']]
2020-12-28 20:12:151 INFO  AudiA4Page :21 - Verify user navigate to Audi A4 page[[ChromeDriver: chrome on WINDOWS (b6a30428c59b1e374d18aed5bddd0884)] -> xpath: //*[@id="all-tab-content"]/div/div[3]/h1]
2020-12-29 22:12:15 INFO  BasePage :30 - Launching Chrome Browser
2020-12-29 22:12:149 INFO  HomePage :25 - This will mouse on buy sell link[[ChromeDriver: chrome on WINDOWS (ac309f7a024f10b6d098452127a8d9ad)] -> xpath: //a[contains(text(),'buy + sell')]]
2020-12-29 22:12:858 INFO  HomePage :38 - This will click on used search cars link[[ChromeDriver: chrome on WINDOWS (ac309f7a024f10b6d098452127a8d9ad)] -> xpath: //*[@id="u_H"]/div/div[1]/ul/li[1]//div[1]/ul/li[2]/a]
2020-12-29 22:12:11 INFO  UsedCarSearchPage :22 - verify that used is on used cars page[[ChromeDriver: chrome on WINDOWS (ac309f7a024f10b6d098452127a8d9ad)] -> xpath: //h1[contains(text(),'Used Cars For Sale')]]
2020-12-29 22:12:148 INFO  NewAndUsedCarSearchPage :38 - Clicking on any make field and select BMW[[ChromeDriver: chrome on WINDOWS (ac309f7a024f10b6d098452127a8d9ad)] -> xpath: //select[@id='makes']]
2020-12-29 22:12:435 INFO  NewAndUsedCarSearchPage :45 - Clicking on any model field and select series[[ChromeDriver: chrome on WINDOWS (ac309f7a024f10b6d098452127a8d9ad)] -> xpath: //select[@id='models']]
2020-12-29 22:12:668 INFO  NewAndUsedCarSearchPage :52 - Select any location field and select location[[ChromeDriver: chrome on WINDOWS (ac309f7a024f10b6d098452127a8d9ad)] -> xpath: //select[@id='locations']]
2020-12-29 22:12:855 INFO  NewAndUsedCarSearchPage :59 - Select price max field and select price[[ChromeDriver: chrome on WINDOWS (ac309f7a024f10b6d098452127a8d9ad)] -> xpath: //select[@id='priceTo']]
2020-12-29 22:12:48 INFO  NewAndUsedCarSearchPage :66 - clicking on find my next car button[[ChromeDriver: chrome on WINDOWS (ac309f7a024f10b6d098452127a8d9ad)] -> xpath: //input[@id='search-submit']]
2020-12-29 22:12:917 INFO  AudiA4Page :21 - Verify user navigate to Audi A4 page[[ChromeDriver: chrome on WINDOWS (ac309f7a024f10b6d098452127a8d9ad)] -> xpath: //*[@id="all-tab-content"]/div/div[3]/h1]
